optseq2
$Id: optseq2.c,v 2.14 2008/03/10 13:35:23 nicks Exp $
NoSearch  = 0
nSearch  = 100000
nKeep    = 12
PctUpdate  = 10.000000
nCB1Opt  = 0
seed     = 177129
Ntp  = 360
TR   = 1
TPreScan   = 0
PSD Window   = 0 15 1
nEvTypes = 5
EvNo    Label Duration nRepsNom
 1    animals  3.000   20
 2    objects  3.000   20
 3     scenes  3.000   20
 4     people  3.000   20
 5    oddball  3.000   20
PctVarEvReps = 0
VarEvRepsPerCond = 0
PolyOrder = -1
tNullMax = -1
tNullMin = 0
AR1 = 0
No refractory penalty
Cost = eff
OutStem = imagery
Summary File = imagery.sum

Pct nSrch MinSrch Cost Eff Cb1Err VRFAvg VRFStd VRFMin VRFMax VRFRange nSince

BeginUpdateLog
 0       1     0.0   0.146785  0.146785  0.3100  11.0678  0.836853  10.0064  13.2518  3.24536 3389.98 0
 0      17     0.0   0.156873  0.156873  0.2500  11.8123  0.769944  10.531  13.9788  3.44787 3645.76 0
 0      17     0.0   0.156873  0.156873  0.2500  11.8123  0.769944  10.531  13.9788  3.44787 3645.76 0
 0      18     0.0   0.156873  0.156873  0.2500  11.8123  0.769944  10.531  13.9788  3.44787 3645.76 0
 0      18     0.0   0.156873  0.156873  0.2500  11.8123  0.769944  10.531  13.9788  3.44787 3645.76 0
 0      20     0.0   0.156873  0.156873  0.2500  11.8123  0.769944  10.531  13.9788  3.44787 3645.76 0
 0      20     0.0   0.156873  0.156873  0.2500  11.8123  0.769944  10.531  13.9788  3.44787 3645.76 0
 0      22     0.0   0.156873  0.156873  0.2500  11.8123  0.769944  10.531  13.9788  3.44787 3645.76 1
 0      22     0.0   0.156873  0.156873  0.2500  11.8123  0.769944  10.531  13.9788  3.44787 3645.76 0
 0      23     0.0   0.156873  0.156873  0.2500  11.8123  0.769944  10.531  13.9788  3.44787 3645.76 0
 0      23     0.0   0.156873  0.156873  0.2500  11.8123  0.769944  10.531  13.9788  3.44787 3645.76 0
 0      27     0.0   0.156873  0.156873  0.2500  11.8123  0.769944  10.531  13.9788  3.44787 3645.76 1
 0      27     0.0   0.156873  0.156873  0.2500  11.8123  0.769944  10.531  13.9788  3.44787 3645.76 0
 0      28     0.0   0.156873  0.156873  0.2500  11.8123  0.769944  10.531  13.9788  3.44787 3645.76 0
 0      28     0.0   0.156873  0.156873  0.2500  11.8123  0.769944  10.531  13.9788  3.44787 3645.76 0
 0      30     0.0   0.156873  0.156873  0.2500  11.8123  0.769944  10.531  13.9788  3.44787 3645.76 1
 0      30     0.0   0.156873  0.156873  0.2500  11.8123  0.769944  10.531  13.9788  3.44787 3645.76 0
 0      31     0.0   0.156873  0.156873  0.2500  11.8123  0.769944  10.531  13.9788  3.44787 3645.76 0
 0      31     0.0   0.156873  0.156873  0.2500  11.8123  0.769944  10.531  13.9788  3.44787 3645.76 0
 0      33     0.0   0.156873  0.156873  0.2500  11.8123  0.769944  10.531  13.9788  3.44787 3645.76 0
 0      33     0.0   0.156873  0.156873  0.2500  11.8123  0.769944  10.531  13.9788  3.44787 3645.76 0
 0      36     0.0   0.156873  0.156873  0.2500  11.8123  0.769944  10.531  13.9788  3.44787 3645.76 1
 0      36     0.0   0.156873  0.156873  0.2500  11.8123  0.769944  10.531  13.9788  3.44787 3645.76 0
 0      37     0.0   0.156873  0.156873  0.2500  11.8123  0.769944  10.531  13.9788  3.44787 3645.76 0
 0      37     0.0   0.156873  0.156873  0.2500  11.8123  0.769944  10.531  13.9788  3.44787 3645.76 0
 0      42     0.0   0.156873  0.156873  0.2500  11.8123  0.769944  10.531  13.9788  3.44787 3645.76 3
 0      42     0.0   0.156873  0.156873  0.2500  11.8123  0.769944  10.531  13.9788  3.44787 3645.76 0
 0      43     0.0   0.156873  0.156873  0.2500  11.8123  0.769944  10.531  13.9788  3.44787 3645.76 0
 0      43     0.0   0.156873  0.156873  0.2500  11.8123  0.769944  10.531  13.9788  3.44787 3645.76 0
 0      46     0.0   0.156873  0.156873  0.2500  11.8123  0.769944  10.531  13.9788  3.44787 3645.76 1
 0      46     0.0   0.156873  0.156873  0.2500  11.8123  0.769944  10.531  13.9788  3.44787 3645.76 0
 0      47     0.0   0.156873  0.156873  0.2500  11.8123  0.769944  10.531  13.9788  3.44787 3645.76 0
 0      47     0.0   0.156873  0.156873  0.2500  11.8123  0.769944  10.531  13.9788  3.44787 3645.76 0
 0      54     0.0   0.156873  0.156873  0.2500  11.8123  0.769944  10.531  13.9788  3.44787 3645.76 4
 0      54     0.0   0.156873  0.156873  0.2500  11.8123  0.769944  10.531  13.9788  3.44787 3645.76 0
 0      55     0.0   0.156873  0.156873  0.2500  11.8123  0.769944  10.531  13.9788  3.44787 3645.76 0
 0      55     0.0   0.156873  0.156873  0.2500  11.8123  0.769944  10.531  13.9788  3.44787 3645.76 0
 0      65     0.0   0.156873  0.156873  0.2500  11.8123  0.769944  10.531  13.9788  3.44787 3645.76 4
 0      65     0.0   0.156873  0.156873  0.2500  11.8123  0.769944  10.531  13.9788  3.44787 3645.76 0
 0      73     0.0   0.156873  0.156873  0.2500  11.8123  0.769944  10.531  13.9788  3.44787 3645.76 6
 0      73     0.0   0.156873  0.156873  0.2500  11.8123  0.769944  10.531  13.9788  3.44787 3645.76 0
 0      76     0.0   0.156873  0.156873  0.2500  11.8123  0.769944  10.531  13.9788  3.44787 3645.76 2
 0      76     0.0   0.156873  0.156873  0.2500  11.8123  0.769944  10.531  13.9788  3.44787 3645.76 0
 0      84     0.0   0.156873  0.156873  0.2500  11.8123  0.769944  10.531  13.9788  3.44787 3645.76 2
 0      84     0.0   0.156873  0.156873  0.2500  11.8123  0.769944  10.531  13.9788  3.44787 3645.76 0
 0      88     0.0   0.156873  0.156873  0.2500  11.8123  0.769944  10.531  13.9788  3.44787 3645.76 2
 0      88     0.0   0.156873  0.156873  0.2500  11.8123  0.769944  10.531  13.9788  3.44787 3645.76 0
 0      96     0.0   0.156873  0.156873  0.2500  11.8123  0.769944  10.531  13.9788  3.44787 3645.76 5
 0      96     0.0   0.156873  0.156873  0.2500  11.8123  0.769944  10.531  13.9788  3.44787 3645.76 0
 0     101     0.0   0.156873  0.156873  0.2500  11.8123  0.769944  10.531  13.9788  3.44787 3645.76 3
 0     101     0.0   0.156873  0.156873  0.2500  11.8123  0.769944  10.531  13.9788  3.44787 3645.76 0
 0     114     0.0   0.156873  0.156873  0.2500  11.8123  0.769944  10.531  13.9788  3.44787 3645.76 5
 0     114     0.0   0.156873  0.156873  0.2500  11.8123  0.769944  10.531  13.9788  3.44787 3645.76 0
 0     118     0.0   0.156873  0.156873  0.2500  11.8123  0.769944  10.531  13.9788  3.44787 3645.76 3
 0     118     0.0   0.156873  0.156873  0.2500  11.8123  0.769944  10.531  13.9788  3.44787 3645.76 0
 0     119     0.0   0.156873  0.156873  0.2500  11.8123  0.769944  10.531  13.9788  3.44787 3645.76 0
 0     119     0.0   0.156873  0.156873  0.2500  11.8123  0.769944  10.531  13.9788  3.44787 3645.76 0
 0     122     0.0   0.156873  0.156873  0.2500  11.8123  0.769944  10.531  13.9788  3.44787 3645.76 0
 0     122     0.0   0.156873  0.156873  0.2500  11.8123  0.769944  10.531  13.9788  3.44787 3645.76 0
 0     142     0.0   0.156873  0.156873  0.2500  11.8123  0.769944  10.531  13.9788  3.44787 3645.76 15
 0     142     0.0   0.156873  0.156873  0.2500  11.8123  0.769944  10.531  13.9788  3.44787 3645.76 0
 0     162     0.0   0.156873  0.156873  0.2500  11.8123  0.769944  10.531  13.9788  3.44787 3645.76 12
 0     162     0.0   0.156873  0.156873  0.2500  11.8123  0.769944  10.531  13.9788  3.44787 3645.76 0
 0     176     0.0   0.156873  0.156873  0.2500  11.8123  0.769944  10.531  13.9788  3.44787 3645.76 7
 0     176     0.0   0.15731  0.15731  0.2500  11.8411  0.738151  10.7036  13.8957  3.19204 3475.2 0
 0     194     0.0   0.15731  0.15731  0.2500  11.8411  0.738151  10.7036  13.8957  3.19204 3475.2 11
 0     194     0.0   0.159093  0.159093  0.2900  11.9837  0.814999  10.7415  14.7396  3.99815 3332.2 0
 0     209     0.0   0.159093  0.159093  0.2900  11.9837  0.814999  10.7415  14.7396  3.99815 3332.2 10
 0     209     0.0   0.160262  0.160262  0.2300  12.064  0.761143  10.9255  14.3025  3.37694 3189.31 0
 0     230     0.0   0.160262  0.160262  0.2300  12.064  0.761143  10.9255  14.3025  3.37694 3189.31 15
 0     230     0.0   0.160262  0.160262  0.2300  12.064  0.761143  10.9255  14.3025  3.37694 3189.31 0
 0     234     0.0   0.160262  0.160262  0.2300  12.064  0.761143  10.9255  14.3025  3.37694 3189.31 2
 0     234     0.0   0.160262  0.160262  0.2300  12.064  0.761143  10.9255  14.3025  3.37694 3189.31 0
 0     235     0.0   0.160262  0.160262  0.2300  12.064  0.761143  10.9255  14.3025  3.37694 3189.31 0
 0     235     0.0   0.160262  0.160262  0.2300  12.064  0.761143  10.9255  14.3025  3.37694 3189.31 0
 0     254     0.0   0.160262  0.160262  0.2300  12.064  0.761143  10.9255  14.3025  3.37694 3189.31 10
 0     254     0.0   0.160262  0.160262  0.2300  12.064  0.761143  10.9255  14.3025  3.37694 3189.31 0
 0     266     0.0   0.160262  0.160262  0.2300  12.064  0.761143  10.9255  14.3025  3.37694 3189.31 6
 0     266     0.0   0.160262  0.160262  0.2300  12.064  0.761143  10.9255  14.3025  3.37694 3189.31 0
 0     398     0.0   0.160262  0.160262  0.2300  12.064  0.761143  10.9255  14.3025  3.37694 3189.31 93
 0     398     0.0   0.160262  0.160262  0.2300  12.064  0.761143  10.9255  14.3025  3.37694 3189.31 0
 0     553     0.1   0.160262  0.160262  0.2300  12.064  0.761143  10.9255  14.3025  3.37694 3189.31 102
 0     553     0.1   0.160262  0.160262  0.2300  12.064  0.761143  10.9255  14.3025  3.37694 3189.31 0
 0     579     0.1   0.160262  0.160262  0.2300  12.064  0.761143  10.9255  14.3025  3.37694 3189.31 20
 0     579     0.1   0.160262  0.160262  0.2300  12.064  0.761143  10.9255  14.3025  3.37694 3189.31 0
 0     603     0.1   0.160262  0.160262  0.2300  12.064  0.761143  10.9255  14.3025  3.37694 3189.31 15
 0     603     0.1   0.160262  0.160262  0.2300  12.064  0.761143  10.9255  14.3025  3.37694 3189.31 0
 0     640     0.1   0.160262  0.160262  0.2300  12.064  0.761143  10.9255  14.3025  3.37694 3189.31 28
 0     640     0.1   0.160262  0.160262  0.2300  12.064  0.761143  10.9255  14.3025  3.37694 3189.31 0
 0     706     0.1   0.160262  0.160262  0.2300  12.064  0.761143  10.9255  14.3025  3.37694 3189.31 45
 0     706     0.1   0.160262  0.160262  0.2300  12.064  0.761143  10.9255  14.3025  3.37694 3189.31 0
 0     778     0.1   0.160262  0.160262  0.2300  12.064  0.761143  10.9255  14.3025  3.37694 3189.31 46
 0     778     0.1   0.160262  0.160262  0.2300  12.064  0.761143  10.9255  14.3025  3.37694 3189.31 0
 0     796     0.1   0.160262  0.160262  0.2300  12.064  0.761143  10.9255  14.3025  3.37694 3189.31 14
 0     796     0.1   0.160262  0.160262  0.2300  12.064  0.761143  10.9255  14.3025  3.37694 3189.31 0
 0     946     0.1   0.160262  0.160262  0.2300  12.064  0.761143  10.9255  14.3025  3.37694 3189.31 106
 0     946     0.1   0.160262  0.160262  0.2300  12.064  0.761143  10.9255  14.3025  3.37694 3189.31 0
 0     958     0.1   0.160262  0.160262  0.2300  12.064  0.761143  10.9255  14.3025  3.37694 3189.31 7
 0     958     0.1   0.160262  0.160262  0.2300  12.064  0.761143  10.9255  14.3025  3.37694 3189.31 0
 1    1041     0.1   0.160262  0.160262  0.2300  12.064  0.761143  10.9255  14.3025  3.37694 3189.31 51
 1    1041     0.1   0.160262  0.160262  0.2300  12.064  0.761143  10.9255  14.3025  3.37694 3189.31 0
 1    1044     0.1   0.160262  0.160262  0.2300  12.064  0.761143  10.9255  14.3025  3.37694 3189.31 2
 1    1044     0.1   0.160262  0.160262  0.2300  12.064  0.761143  10.9255  14.3025  3.37694 3189.31 0
 1    1072     0.1   0.160262  0.160262  0.2300  12.064  0.761143  10.9255  14.3025  3.37694 3189.31 19
 1    1072     0.1   0.160262  0.160262  0.2300  12.064  0.761143  10.9255  14.3025  3.37694 3189.31 0
 1    1167     0.1   0.160262  0.160262  0.2300  12.064  0.761143  10.9255  14.3025  3.37694 3189.31 70
 1    1167     0.1   0.160262  0.160262  0.2300  12.064  0.761143  10.9255  14.3025  3.37694 3189.31 0
 1    1185     0.1   0.160262  0.160262  0.2300  12.064  0.761143  10.9255  14.3025  3.37694 3189.31 8
 1    1185     0.1   0.160262  0.160262  0.2300  12.064  0.761143  10.9255  14.3025  3.37694 3189.31 0
 1    1259     0.1   0.160262  0.160262  0.2300  12.064  0.761143  10.9255  14.3025  3.37694 3189.31 60
 1    1259     0.1   0.160262  0.160262  0.2300  12.064  0.761143  10.9255  14.3025  3.37694 3189.31 0
 1    1372     0.1   0.160262  0.160262  0.2300  12.064  0.761143  10.9255  14.3025  3.37694 3189.31 82
 1    1372     0.1   0.160262  0.160262  0.2300  12.064  0.761143  10.9255  14.3025  3.37694 3189.31 0
 1    1425     0.1   0.160262  0.160262  0.2300  12.064  0.761143  10.9255  14.3025  3.37694 3189.31 32
 1    1425     0.1   0.160262  0.160262  0.2300  12.064  0.761143  10.9255  14.3025  3.37694 3189.31 0
 1    1464     0.1   0.160262  0.160262  0.2300  12.064  0.761143  10.9255  14.3025  3.37694 3189.31 24
 1    1464     0.1   0.160262  0.160262  0.2300  12.064  0.761143  10.9255  14.3025  3.37694 3189.31 0
 1    1509     0.1   0.160262  0.160262  0.2300  12.064  0.761143  10.9255  14.3025  3.37694 3189.31 31
 1    1509     0.1   0.160262  0.160262  0.2300  12.064  0.761143  10.9255  14.3025  3.37694 3189.31 0
 1    1623     0.1   0.160262  0.160262  0.2300  12.064  0.761143  10.9255  14.3025  3.37694 3189.31 76
 1    1623     0.1   0.161128  0.161128  0.2700  12.1299  0.777618  11.2058  14.9525  3.74673 3329.19 0
 1    1788     0.2   0.161128  0.161128  0.2700  12.1299  0.777618  11.2058  14.9525  3.74673 3329.19 105
 1    1788     0.2   0.161128  0.161128  0.2700  12.1299  0.777618  11.2058  14.9525  3.74673 3329.19 0
 1    1867     0.2   0.161128  0.161128  0.2700  12.1299  0.777618  11.2058  14.9525  3.74673 3329.19 55
 1    1867     0.2   0.16174  0.16174  0.2500  12.1527  0.528087  10.9651  13.6325  2.66745 3563.09 0
 1    1937     0.2   0.16174  0.16174  0.2500  12.1527  0.528087  10.9651  13.6325  2.66745 3563.09 49
 1    1937     0.2   0.16174  0.16174  0.2500  12.1527  0.528087  10.9651  13.6325  2.66745 3563.09 0
 2    2162     0.2   0.16174  0.16174  0.2500  12.1527  0.528087  10.9651  13.6325  2.66745 3563.09 144
 2    2162     0.2   0.16174  0.16174  0.2500  12.1527  0.528087  10.9651  13.6325  2.66745 3563.09 0
 2    2795     0.3   0.16174  0.16174  0.2500  12.1527  0.528087  10.9651  13.6325  2.66745 3563.09 443
 2    2795     0.3   0.16174  0.16174  0.2500  12.1527  0.528087  10.9651  13.6325  2.66745 3563.09 0
 3    3103     0.3   0.16174  0.16174  0.2500  12.1527  0.528087  10.9651  13.6325  2.66745 3563.09 223
 3    3103     0.3   0.16174  0.16174  0.2500  12.1527  0.528087  10.9651  13.6325  2.66745 3563.09 0
 3    3280     0.3   0.16174  0.16174  0.2500  12.1527  0.528087  10.9651  13.6325  2.66745 3563.09 125
 3    3280     0.3   0.16174  0.16174  0.2500  12.1527  0.528087  10.9651  13.6325  2.66745 3563.09 0
 3    3580     0.4   0.16174  0.16174  0.2500  12.1527  0.528087  10.9651  13.6325  2.66745 3563.09 198
 3    3580     0.4   0.16174  0.16174  0.2500  12.1527  0.528087  10.9651  13.6325  2.66745 3563.09 0
 3    3846     0.4   0.16174  0.16174  0.2500  12.1527  0.528087  10.9651  13.6325  2.66745 3563.09 187
 3    3846     0.4   0.16174  0.16174  0.2500  12.1527  0.528087  10.9651  13.6325  2.66745 3563.09 0
 4    4255     0.4   0.16174  0.16174  0.2500  12.1527  0.528087  10.9651  13.6325  2.66745 3563.09 273
 4    4255     0.4   0.16174  0.16174  0.2500  12.1527  0.528087  10.9651  13.6325  2.66745 3563.09 0
 4    4334     0.4   0.16174  0.16174  0.2500  12.1527  0.528087  10.9651  13.6325  2.66745 3563.09 52
 4    4334     0.4   0.16174  0.16174  0.2500  12.1527  0.528087  10.9651  13.6325  2.66745 3563.09 0
 5    5069     0.5   0.16174  0.16174  0.2500  12.1527  0.528087  10.9651  13.6325  2.66745 3563.09 520
 5    5069     0.5   0.16174  0.16174  0.2500  12.1527  0.528087  10.9651  13.6325  2.66745 3563.09 0
 5    5278     0.5   0.16174  0.16174  0.2500  12.1527  0.528087  10.9651  13.6325  2.66745 3563.09 138
 5    5278     0.5   0.161965  0.161965  0.3300  12.1789  0.63764  11.0225  13.9701  2.94757 3444.98 0
 5    5601     0.5   0.161965  0.161965  0.3300  12.1789  0.63764  11.0225  13.9701  2.94757 3444.98 228
 5    5601     0.5   0.161965  0.161965  0.3300  12.1789  0.63764  11.0225  13.9701  2.94757 3444.98 0
 6    6730     0.7   0.161965  0.161965  0.3300  12.1789  0.63764  11.0225  13.9701  2.94757 3444.98 810
 6    6730     0.7   0.161965  0.161965  0.3300  12.1789  0.63764  11.0225  13.9701  2.94757 3444.98 0
 7    7221     0.7   0.161965  0.161965  0.3300  12.1789  0.63764  11.0225  13.9701  2.94757 3444.98 351
 7    7221     0.7   0.162406  0.162406  0.3500  12.2303  0.806953  10.9794  14.9316  3.95213 3319.54 0
 7    7226     0.7   0.162406  0.162406  0.3500  12.2303  0.806953  10.9794  14.9316  3.95213 3319.54 2
 7    7226     0.7   0.162406  0.162406  0.3500  12.2303  0.806953  10.9794  14.9316  3.95213 3319.54 0
 7    7548     0.8   0.162406  0.162406  0.3500  12.2303  0.806953  10.9794  14.9316  3.95213 3319.54 222
 7    7548     0.8   0.162406  0.162406  0.3500  12.2303  0.806953  10.9794  14.9316  3.95213 3319.54 0
 7    7765     0.8   0.162406  0.162406  0.3500  12.2303  0.806953  10.9794  14.9316  3.95213 3319.54 149
 7    7765     0.8   0.16307  0.16307  0.1900  12.2656  0.67311  11.3108  13.8844  2.57352 3341.87 0
 8    8416     0.8   0.16307  0.16307  0.1900  12.2656  0.67311  11.3108  13.8844  2.57352 3341.87 464
 8    8416     0.8   0.16307  0.16307  0.1900  12.2656  0.67311  11.3108  13.8844  2.57352 3341.87 0
10   10605     1.1   0.16307  0.16307  0.1900  12.2656  0.67311  11.3108  13.8844  2.57352 3341.87 1534
10   10605     1.1   0.16307  0.16307  0.1900  12.2656  0.67311  11.3108  13.8844  2.57352 3341.87 0
11   11000     1.1   0.16307  0.16307  0.1900  12.2656  0.67311  11.3108  13.8844  2.57352 3341.87 282
11   11787     1.2   0.16307  0.16307  0.1900  12.2656  0.67311  11.3108  13.8844  2.57352 3341.87 835
11   11787     1.2   0.16307  0.16307  0.1900  12.2656  0.67311  11.3108  13.8844  2.57352 3341.87 0
14   14452     1.4   0.16307  0.16307  0.1900  12.2656  0.67311  11.3108  13.8844  2.57352 3341.87 1838
14   14452     1.4   0.16307  0.16307  0.1900  12.2656  0.67311  11.3108  13.8844  2.57352 3341.87 0
14   14970     1.5   0.16307  0.16307  0.1900  12.2656  0.67311  11.3108  13.8844  2.57352 3341.87 348
14   14970     1.5   0.16307  0.16307  0.1900  12.2656  0.67311  11.3108  13.8844  2.57352 3341.87 0
16   16622     1.7   0.16307  0.16307  0.1900  12.2656  0.67311  11.3108  13.8844  2.57352 3341.87 1152
16   16622     1.7   0.16307  0.16307  0.1900  12.2656  0.67311  11.3108  13.8844  2.57352 3341.87 0
17   17061     1.7   0.16307  0.16307  0.1900  12.2656  0.67311  11.3108  13.8844  2.57352 3341.87 304
17   17061     1.7   0.16307  0.16307  0.1900  12.2656  0.67311  11.3108  13.8844  2.57352 3341.87 0
17   17311     1.7   0.16307  0.16307  0.1900  12.2656  0.67311  11.3108  13.8844  2.57352 3341.87 180
17   17311     1.7   0.16307  0.16307  0.1900  12.2656  0.67311  11.3108  13.8844  2.57352 3341.87 0
21   21787     2.2   0.16307  0.16307  0.1900  12.2656  0.67311  11.3108  13.8844  2.57352 3341.87 3108
21   21787     2.2   0.16307  0.16307  0.1900  12.2656  0.67311  11.3108  13.8844  2.57352 3341.87 0
22   22000     2.2   0.16307  0.16307  0.1900  12.2656  0.67311  11.3108  13.8844  2.57352 3341.87 150
26   26910     2.7   0.16307  0.16307  0.1900  12.2656  0.67311  11.3108  13.8844  2.57352 3341.87 3583
26   26910     2.7   0.16307  0.16307  0.1900  12.2656  0.67311  11.3108  13.8844  2.57352 3341.87 0
33   33000     3.3   0.16307  0.16307  0.1900  12.2656  0.67311  11.3108  13.8844  2.57352 3341.87 4211
34   34509     3.5   0.16307  0.16307  0.1900  12.2656  0.67311  11.3108  13.8844  2.57352 3341.87 5228
34   34509     3.5   0.163297  0.163297  0.2300  12.2774  0.616741  11.1052  13.9022  2.79699 3628.2 0
36   36850     3.7   0.163297  0.163297  0.2300  12.2774  0.616741  11.1052  13.9022  2.79699 3628.2 1637
36   36850     3.7   0.163297  0.163297  0.2300  12.2774  0.616741  11.1052  13.9022  2.79699 3628.2 0
38   38600     3.9   0.163297  0.163297  0.2300  12.2774  0.616741  11.1052  13.9022  2.79699 3628.2 1205
38   38600     3.9   0.163297  0.163297  0.2300  12.2774  0.616741  11.1052  13.9022  2.79699 3628.2 0
41   41249     4.1   0.163297  0.163297  0.2300  12.2774  0.616741  11.1052  13.9022  2.79699 3628.2 1845
41   41249     4.1   0.163297  0.163297  0.2300  12.2774  0.616741  11.1052  13.9022  2.79699 3628.2 0
43   43129     4.3   0.163297  0.163297  0.2300  12.2774  0.616741  11.1052  13.9022  2.79699 3628.2 1309
43   43129     4.3   0.164278  0.164278  0.2300  12.352  0.632634  10.9546  14.1698  3.21522 3574.87 0
44   44000     4.4   0.164278  0.164278  0.2300  12.352  0.632634  10.9546  14.1698  3.21522 3574.87 607
44   44847     4.5   0.164278  0.164278  0.2300  12.352  0.632634  10.9546  14.1698  3.21522 3574.87 1216
44   44847     4.5   0.164278  0.164278  0.2300  12.352  0.632634  10.9546  14.1698  3.21522 3574.87 0
47   47997     4.8   0.164278  0.164278  0.2300  12.352  0.632634  10.9546  14.1698  3.21522 3574.87 2148
47   47997     4.8   0.164278  0.164278  0.2300  12.352  0.632634  10.9546  14.1698  3.21522 3574.87 0
55   55002     5.5   0.164278  0.164278  0.2300  12.352  0.632634  10.9546  14.1698  3.21522 3574.87 4840
56   56393     5.6   0.164278  0.164278  0.2300  12.352  0.632634  10.9546  14.1698  3.21522 3574.87 5823
56   56393     5.6   0.164278  0.164278  0.2300  12.352  0.632634  10.9546  14.1698  3.21522 3574.87 0
57   57704     5.8   0.164278  0.164278  0.2300  12.352  0.632634  10.9546  14.1698  3.21522 3574.87 886
57   57704     5.8   0.164278  0.164278  0.2300  12.352  0.632634  10.9546  14.1698  3.21522 3574.87 0
66   66000     6.6   0.164278  0.164278  0.2300  12.352  0.632634  10.9546  14.1698  3.21522 3574.87 5687
77   77000     7.7   0.164278  0.164278  0.2300  12.352  0.632634  10.9546  14.1698  3.21522 3574.87 13332
77   77354     7.7   0.164278  0.164278  0.2300  12.352  0.632634  10.9546  14.1698  3.21522 3574.87 13573
77   77354     7.7   0.164278  0.164278  0.2300  12.352  0.632634  10.9546  14.1698  3.21522 3574.87 0
79   79780     8.0   0.164278  0.164278  0.2300  12.352  0.632634  10.9546  14.1698  3.21522 3574.87 1675
79   79780     8.0   0.164278  0.164278  0.2300  12.352  0.632634  10.9546  14.1698  3.21522 3574.87 0
80   80928     8.1   0.164278  0.164278  0.2300  12.352  0.632634  10.9546  14.1698  3.21522 3574.87 810
80   80928     8.1   0.164278  0.164278  0.2300  12.352  0.632634  10.9546  14.1698  3.21522 3574.87 0
83   83216     8.3   0.164278  0.164278  0.2300  12.352  0.632634  10.9546  14.1698  3.21522 3574.87 1579
83   83216     8.3   0.164278  0.164278  0.2300  12.352  0.632634  10.9546  14.1698  3.21522 3574.87 0
88   88001     8.8   0.164278  0.164278  0.2300  12.352  0.632634  10.9546  14.1698  3.21522 3574.87 3297
91   91920     9.2   0.164278  0.164278  0.2300  12.352  0.632634  10.9546  14.1698  3.21522 3574.87 6012
91   91920     9.2   0.164278  0.164278  0.2300  12.352  0.632634  10.9546  14.1698  3.21522 3574.87 0
93   93375     9.4   0.164278  0.164278  0.2300  12.352  0.632634  10.9546  14.1698  3.21522 3574.87 1011
93   93375     9.4   0.164278  0.164278  0.2300  12.352  0.632634  10.9546  14.1698  3.21522 3574.87 0
99   99000     9.9   0.164278  0.164278  0.2300  12.352  0.632634  10.9546  14.1698  3.21522 3574.87 3924
100  100000    10.0   0.164278  0.164278  0.2300  12.352  0.632634  10.9546  14.1698  3.21522 3574.87 4608
EndUpdateLog

Done
