optseq2
$Id: optseq2.c,v 2.14 2008/03/10 13:35:23 nicks Exp $
NoSearch  = 0
nSearch  = 100000
nKeep    = 14
PctUpdate  = 10.000000
nCB1Opt  = 0
seed     = 532082
Ntp  = 350
TR   = 1
TPreScan   = 0
PSD Window   = 0 15 1
nEvTypes = 5
EvNo    Label Duration nRepsNom
 1    animals  1.000   20
 2     people  1.000   20
 3    objects  1.000   20
 4     scenes  1.000   20
 5    oddball  1.000   10
PctVarEvReps = 0
VarEvRepsPerCond = 0
PolyOrder = -1
tNullMax = 6
tNullMin = 2
AR1 = 0
No refractory penalty
Cost = eff
OutStem = perception
Summary File = perception.sum

Pct nSrch MinSrch Cost Eff Cb1Err VRFAvg VRFStd VRFMin VRFMax VRFRange nSince

BeginUpdateLog
 0       1     0.0   0.143721  0.143721  0.2720  11.3318  2.1793  6.85971  14.5777  7.71799 4318.99 0
 0      25     0.0   0.149043  0.149043  0.2460  11.7373  2.21983  7.15335  14.202  7.04861 4178.27 1
 0      25     0.0   0.149043  0.149043  0.2460  11.7373  2.21983  7.15335  14.202  7.04861 4178.27 0
 0      30     0.0   0.149043  0.149043  0.2460  11.7373  2.21983  7.15335  14.202  7.04861 4178.27 1
 0      30     0.0   0.149043  0.149043  0.2460  11.7373  2.21983  7.15335  14.202  7.04861 4178.27 0
 0      32     0.0   0.149043  0.149043  0.2460  11.7373  2.21983  7.15335  14.202  7.04861 4178.27 0
 0      32     0.0   0.149043  0.149043  0.2460  11.7373  2.21983  7.15335  14.202  7.04861 4178.27 0
 0      33     0.0   0.149043  0.149043  0.2460  11.7373  2.21983  7.15335  14.202  7.04861 4178.27 0
 0      33     0.0   0.149043  0.149043  0.2460  11.7373  2.21983  7.15335  14.202  7.04861 4178.27 0
 0      34     0.0   0.149043  0.149043  0.2460  11.7373  2.21983  7.15335  14.202  7.04861 4178.27 0
 0      34     0.0   0.149043  0.149043  0.2460  11.7373  2.21983  7.15335  14.202  7.04861 4178.27 0
 0      39     0.0   0.149043  0.149043  0.2460  11.7373  2.21983  7.15335  14.202  7.04861 4178.27 2
 0      39     0.0   0.149442  0.149442  0.3360  11.8407  2.34911  6.97273  14.4918  7.51909 4222.86 0
 0      41     0.0   0.149442  0.149442  0.3360  11.8407  2.34911  6.97273  14.4918  7.51909 4222.86 0
 0      41     0.0   0.149442  0.149442  0.3360  11.8407  2.34911  6.97273  14.4918  7.51909 4222.86 0
 0      43     0.0   0.149442  0.149442  0.3360  11.8407  2.34911  6.97273  14.4918  7.51909 4222.86 0
 0      43     0.0   0.149442  0.149442  0.3360  11.8407  2.34911  6.97273  14.4918  7.51909 4222.86 0
 0      44     0.0   0.149442  0.149442  0.3360  11.8407  2.34911  6.97273  14.4918  7.51909 4222.86 0
 0      44     0.0   0.149442  0.149442  0.3360  11.8407  2.34911  6.97273  14.4918  7.51909 4222.86 0
 0      47     0.0   0.149442  0.149442  0.3360  11.8407  2.34911  6.97273  14.4918  7.51909 4222.86 1
 0      47     0.0   0.149442  0.149442  0.3360  11.8407  2.34911  6.97273  14.4918  7.51909 4222.86 0
 0      53     0.0   0.149442  0.149442  0.3360  11.8407  2.34911  6.97273  14.4918  7.51909 4222.86 3
 0      53     0.0   0.149442  0.149442  0.3360  11.8407  2.34911  6.97273  14.4918  7.51909 4222.86 0
 0      59     0.0   0.149442  0.149442  0.3360  11.8407  2.34911  6.97273  14.4918  7.51909 4222.86 3
 0      59     0.0   0.149442  0.149442  0.3360  11.8407  2.34911  6.97273  14.4918  7.51909 4222.86 0
 0      62     0.0   0.149442  0.149442  0.3360  11.8407  2.34911  6.97273  14.4918  7.51909 4222.86 1
 0      62     0.0   0.149442  0.149442  0.3360  11.8407  2.34911  6.97273  14.4918  7.51909 4222.86 0
 0      65     0.0   0.149442  0.149442  0.3360  11.8407  2.34911  6.97273  14.4918  7.51909 4222.86 1
 0      65     0.0   0.149442  0.149442  0.3360  11.8407  2.34911  6.97273  14.4918  7.51909 4222.86 0
 0      66     0.0   0.149442  0.149442  0.3360  11.8407  2.34911  6.97273  14.4918  7.51909 4222.86 0
 0      66     0.0   0.149442  0.149442  0.3360  11.8407  2.34911  6.97273  14.4918  7.51909 4222.86 0
 0      70     0.0   0.149442  0.149442  0.3360  11.8407  2.34911  6.97273  14.4918  7.51909 4222.86 1
 0      70     0.0   0.149442  0.149442  0.3360  11.8407  2.34911  6.97273  14.4918  7.51909 4222.86 0
 0      73     0.0   0.149442  0.149442  0.3360  11.8407  2.34911  6.97273  14.4918  7.51909 4222.86 2
 0      73     0.0   0.149442  0.149442  0.3360  11.8407  2.34911  6.97273  14.4918  7.51909 4222.86 0
 0      81     0.0   0.149442  0.149442  0.3360  11.8407  2.34911  6.97273  14.4918  7.51909 4222.86 5
 0      81     0.0   0.149442  0.149442  0.3360  11.8407  2.34911  6.97273  14.4918  7.51909 4222.86 0
 0      82     0.0   0.149442  0.149442  0.3360  11.8407  2.34911  6.97273  14.4918  7.51909 4222.86 0
 0      82     0.0   0.149442  0.149442  0.3360  11.8407  2.34911  6.97273  14.4918  7.51909 4222.86 0
 0      83     0.0   0.149442  0.149442  0.3360  11.8407  2.34911  6.97273  14.4918  7.51909 4222.86 0
 0      83     0.0   0.149442  0.149442  0.3360  11.8407  2.34911  6.97273  14.4918  7.51909 4222.86 0
 0      95     0.0   0.149442  0.149442  0.3360  11.8407  2.34911  6.97273  14.4918  7.51909 4222.86 5
 0      95     0.0   0.14972  0.14972  0.3610  11.8379  2.30672  6.9764  14.0423  7.06589 4286.27 0
 0      99     0.0   0.14972  0.14972  0.3610  11.8379  2.30672  6.9764  14.0423  7.06589 4286.27 1
 0      99     0.0   0.14972  0.14972  0.3610  11.8379  2.30672  6.9764  14.0423  7.06589 4286.27 0
 0     104     0.0   0.14972  0.14972  0.3610  11.8379  2.30672  6.9764  14.0423  7.06589 4286.27 3
 0     104     0.0   0.14972  0.14972  0.3610  11.8379  2.30672  6.9764  14.0423  7.06589 4286.27 0
 0     108     0.0   0.14972  0.14972  0.3610  11.8379  2.30672  6.9764  14.0423  7.06589 4286.27 1
 0     108     0.0   0.14972  0.14972  0.3610  11.8379  2.30672  6.9764  14.0423  7.06589 4286.27 0
 0     109     0.0   0.14972  0.14972  0.3610  11.8379  2.30672  6.9764  14.0423  7.06589 4286.27 0
 0     109     0.0   0.14972  0.14972  0.3610  11.8379  2.30672  6.9764  14.0423  7.06589 4286.27 0
 0     112     0.0   0.14972  0.14972  0.3610  11.8379  2.30672  6.9764  14.0423  7.06589 4286.27 1
 0     112     0.0   0.14972  0.14972  0.3610  11.8379  2.30672  6.9764  14.0423  7.06589 4286.27 0
 0     118     0.0   0.14972  0.14972  0.3610  11.8379  2.30672  6.9764  14.0423  7.06589 4286.27 4
 0     118     0.0   0.14972  0.14972  0.3610  11.8379  2.30672  6.9764  14.0423  7.06589 4286.27 0
 0     137     0.0   0.14972  0.14972  0.3610  11.8379  2.30672  6.9764  14.0423  7.06589 4286.27 9
 0     137     0.0   0.14972  0.14972  0.3610  11.8379  2.30672  6.9764  14.0423  7.06589 4286.27 0
 0     145     0.0   0.14972  0.14972  0.3610  11.8379  2.30672  6.9764  14.0423  7.06589 4286.27 3
 0     145     0.0   0.14972  0.14972  0.3610  11.8379  2.30672  6.9764  14.0423  7.06589 4286.27 0
 0     173     0.0   0.14972  0.14972  0.3610  11.8379  2.30672  6.9764  14.0423  7.06589 4286.27 15
 0     173     0.0   0.14972  0.14972  0.3610  11.8379  2.30672  6.9764  14.0423  7.06589 4286.27 0
 0     187     0.0   0.14972  0.14972  0.3610  11.8379  2.30672  6.9764  14.0423  7.06589 4286.27 9
 0     187     0.0   0.14972  0.14972  0.3610  11.8379  2.30672  6.9764  14.0423  7.06589 4286.27 0
 0     204     0.0   0.14972  0.14972  0.3610  11.8379  2.30672  6.9764  14.0423  7.06589 4286.27 5
 0     204     0.0   0.14972  0.14972  0.3610  11.8379  2.30672  6.9764  14.0423  7.06589 4286.27 0
 0     205     0.0   0.14972  0.14972  0.3610  11.8379  2.30672  6.9764  14.0423  7.06589 4286.27 0
 0     205     0.0   0.14972  0.14972  0.3610  11.8379  2.30672  6.9764  14.0423  7.06589 4286.27 0
 0     221     0.0   0.14972  0.14972  0.3610  11.8379  2.30672  6.9764  14.0423  7.06589 4286.27 9
 0     221     0.0   0.14972  0.14972  0.3610  11.8379  2.30672  6.9764  14.0423  7.06589 4286.27 0
 0     222     0.0   0.14972  0.14972  0.3610  11.8379  2.30672  6.9764  14.0423  7.06589 4286.27 0
 0     222     0.0   0.14972  0.14972  0.3610  11.8379  2.30672  6.9764  14.0423  7.06589 4286.27 0
 0     229     0.0   0.14972  0.14972  0.3610  11.8379  2.30672  6.9764  14.0423  7.06589 4286.27 5
 0     229     0.0   0.14972  0.14972  0.3610  11.8379  2.30672  6.9764  14.0423  7.06589 4286.27 0
 0     258     0.0   0.14972  0.14972  0.3610  11.8379  2.30672  6.9764  14.0423  7.06589 4286.27 18
 0     258     0.0   0.14972  0.14972  0.3610  11.8379  2.30672  6.9764  14.0423  7.06589 4286.27 0
 0     281     0.0   0.14972  0.14972  0.3610  11.8379  2.30672  6.9764  14.0423  7.06589 4286.27 14
 0     281     0.0   0.14972  0.14972  0.3610  11.8379  2.30672  6.9764  14.0423  7.06589 4286.27 0
 0     283     0.0   0.14972  0.14972  0.3610  11.8379  2.30672  6.9764  14.0423  7.06589 4286.27 0
 0     283     0.0   0.14972  0.14972  0.3610  11.8379  2.30672  6.9764  14.0423  7.06589 4286.27 0
 0     285     0.0   0.14972  0.14972  0.3610  11.8379  2.30672  6.9764  14.0423  7.06589 4286.27 1
 0     285     0.0   0.14972  0.14972  0.3610  11.8379  2.30672  6.9764  14.0423  7.06589 4286.27 0
 0     288     0.0   0.14972  0.14972  0.3610  11.8379  2.30672  6.9764  14.0423  7.06589 4286.27 1
 0     288     0.0   0.14972  0.14972  0.3610  11.8379  2.30672  6.9764  14.0423  7.06589 4286.27 0
 0     300     0.0   0.14972  0.14972  0.3610  11.8379  2.30672  6.9764  14.0423  7.06589 4286.27 5
 0     300     0.0   0.14972  0.14972  0.3610  11.8379  2.30672  6.9764  14.0423  7.06589 4286.27 0
 0     323     0.0   0.14972  0.14972  0.3610  11.8379  2.30672  6.9764  14.0423  7.06589 4286.27 11
 0     323     0.0   0.14972  0.14972  0.3610  11.8379  2.30672  6.9764  14.0423  7.06589 4286.27 0
 0     374     0.0   0.14972  0.14972  0.3610  11.8379  2.30672  6.9764  14.0423  7.06589 4286.27 25
 0     374     0.0   0.14972  0.14972  0.3610  11.8379  2.30672  6.9764  14.0423  7.06589 4286.27 0
 0     379     0.0   0.14972  0.14972  0.3610  11.8379  2.30672  6.9764  14.0423  7.06589 4286.27 3
 0     379     0.0   0.14972  0.14972  0.3610  11.8379  2.30672  6.9764  14.0423  7.06589 4286.27 0
 0     382     0.0   0.14972  0.14972  0.3610  11.8379  2.30672  6.9764  14.0423  7.06589 4286.27 1
 0     382     0.0   0.14972  0.14972  0.3610  11.8379  2.30672  6.9764  14.0423  7.06589 4286.27 0
 0     398     0.0   0.14972  0.14972  0.3610  11.8379  2.30672  6.9764  14.0423  7.06589 4286.27 9
 0     398     0.0   0.14972  0.14972  0.3610  11.8379  2.30672  6.9764  14.0423  7.06589 4286.27 0
 0     493     0.0   0.14972  0.14972  0.3610  11.8379  2.30672  6.9764  14.0423  7.06589 4286.27 60
 0     493     0.0   0.14972  0.14972  0.3610  11.8379  2.30672  6.9764  14.0423  7.06589 4286.27 0
 0     525     0.0   0.14972  0.14972  0.3610  11.8379  2.30672  6.9764  14.0423  7.06589 4286.27 24
 0     525     0.0   0.151803  0.151803  0.1820  11.9098  2.17791  7.50771  14.3489  6.84117 4270.28 0
 0     545     0.0   0.151803  0.151803  0.1820  11.9098  2.17791  7.50771  14.3489  6.84117 4270.28 10
 0     545     0.0   0.151803  0.151803  0.1820  11.9098  2.17791  7.50771  14.3489  6.84117 4270.28 0
 0     584     0.0   0.151803  0.151803  0.1820  11.9098  2.17791  7.50771  14.3489  6.84117 4270.28 26
 0     584     0.0   0.151803  0.151803  0.1820  11.9098  2.17791  7.50771  14.3489  6.84117 4270.28 0
 0     585     0.0   0.151803  0.151803  0.1820  11.9098  2.17791  7.50771  14.3489  6.84117 4270.28 0
 0     585     0.0   0.151803  0.151803  0.1820  11.9098  2.17791  7.50771  14.3489  6.84117 4270.28 0
 0     602     0.0   0.151803  0.151803  0.1820  11.9098  2.17791  7.50771  14.3489  6.84117 4270.28 10
 0     602     0.0   0.151803  0.151803  0.1820  11.9098  2.17791  7.50771  14.3489  6.84117 4270.28 0
 0     664     0.0   0.151803  0.151803  0.1820  11.9098  2.17791  7.50771  14.3489  6.84117 4270.28 37
 0     664     0.0   0.151803  0.151803  0.1820  11.9098  2.17791  7.50771  14.3489  6.84117 4270.28 0
 0     932     0.1   0.151803  0.151803  0.1820  11.9098  2.17791  7.50771  14.3489  6.84117 4270.28 163
 0     932     0.1   0.151803  0.151803  0.1820  11.9098  2.17791  7.50771  14.3489  6.84117 4270.28 0
 0     955     0.1   0.151803  0.151803  0.1820  11.9098  2.17791  7.50771  14.3489  6.84117 4270.28 14
 0     955     0.1   0.151803  0.151803  0.1820  11.9098  2.17791  7.50771  14.3489  6.84117 4270.28 0
 0     973     0.1   0.151803  0.151803  0.1820  11.9098  2.17791  7.50771  14.3489  6.84117 4270.28 11
 0     973     0.1   0.151803  0.151803  0.1820  11.9098  2.17791  7.50771  14.3489  6.84117 4270.28 0
 1    1008     0.1   0.151803  0.151803  0.1820  11.9098  2.17791  7.50771  14.3489  6.84117 4270.28 25
 1    1008     0.1   0.151803  0.151803  0.1820  11.9098  2.17791  7.50771  14.3489  6.84117 4270.28 0
 1    1102     0.1   0.151803  0.151803  0.1820  11.9098  2.17791  7.50771  14.3489  6.84117 4270.28 60
 1    1102     0.1   0.151803  0.151803  0.1820  11.9098  2.17791  7.50771  14.3489  6.84117 4270.28 0
 1    1607     0.1   0.151803  0.151803  0.1820  11.9098  2.17791  7.50771  14.3489  6.84117 4270.28 307
 1    1607     0.1   0.151803  0.151803  0.1820  11.9098  2.17791  7.50771  14.3489  6.84117 4270.28 0
 1    1760     0.1   0.151803  0.151803  0.1820  11.9098  2.17791  7.50771  14.3489  6.84117 4270.28 94
 1    1760     0.1   0.151803  0.151803  0.1820  11.9098  2.17791  7.50771  14.3489  6.84117 4270.28 0
 1    1821     0.1   0.151803  0.151803  0.1820  11.9098  2.17791  7.50771  14.3489  6.84117 4270.28 39
 1    1821     0.1   0.151803  0.151803  0.1820  11.9098  2.17791  7.50771  14.3489  6.84117 4270.28 0
 2    2164     0.1   0.151803  0.151803  0.1820  11.9098  2.17791  7.50771  14.3489  6.84117 4270.28 204
 2    2164     0.1   0.151803  0.151803  0.1820  11.9098  2.17791  7.50771  14.3489  6.84117 4270.28 0
 2    2180     0.1   0.151803  0.151803  0.1820  11.9098  2.17791  7.50771  14.3489  6.84117 4270.28 9
 2    2180     0.1   0.151803  0.151803  0.1820  11.9098  2.17791  7.50771  14.3489  6.84117 4270.28 0
 2    2364     0.1   0.151803  0.151803  0.1820  11.9098  2.17791  7.50771  14.3489  6.84117 4270.28 102
 2    2364     0.1   0.151803  0.151803  0.1820  11.9098  2.17791  7.50771  14.3489  6.84117 4270.28 0
 2    2436     0.1   0.151803  0.151803  0.1820  11.9098  2.17791  7.50771  14.3489  6.84117 4270.28 44
 2    2436     0.1   0.151803  0.151803  0.1820  11.9098  2.17791  7.50771  14.3489  6.84117 4270.28 0
 2    2542     0.1   0.151803  0.151803  0.1820  11.9098  2.17791  7.50771  14.3489  6.84117 4270.28 68
 2    2542     0.1   0.151803  0.151803  0.1820  11.9098  2.17791  7.50771  14.3489  6.84117 4270.28 0
 3    3206     0.2   0.151803  0.151803  0.1820  11.9098  2.17791  7.50771  14.3489  6.84117 4270.28 409
 3    3206     0.2   0.151803  0.151803  0.1820  11.9098  2.17791  7.50771  14.3489  6.84117 4270.28 0
 3    3259     0.2   0.151803  0.151803  0.1820  11.9098  2.17791  7.50771  14.3489  6.84117 4270.28 36
 3    3259     0.2   0.151803  0.151803  0.1820  11.9098  2.17791  7.50771  14.3489  6.84117 4270.28 0
 3    3636     0.2   0.151803  0.151803  0.1820  11.9098  2.17791  7.50771  14.3489  6.84117 4270.28 228
 3    3636     0.2   0.151803  0.151803  0.1820  11.9098  2.17791  7.50771  14.3489  6.84117 4270.28 0
 3    3720     0.2   0.151803  0.151803  0.1820  11.9098  2.17791  7.50771  14.3489  6.84117 4270.28 52
 3    3720     0.2   0.151803  0.151803  0.1820  11.9098  2.17791  7.50771  14.3489  6.84117 4270.28 0
 3    3732     0.2   0.151803  0.151803  0.1820  11.9098  2.17791  7.50771  14.3489  6.84117 4270.28 8
 3    3732     0.2   0.151803  0.151803  0.1820  11.9098  2.17791  7.50771  14.3489  6.84117 4270.28 0
 3    3847     0.2   0.151803  0.151803  0.1820  11.9098  2.17791  7.50771  14.3489  6.84117 4270.28 74
 3    3847     0.2   0.151803  0.151803  0.1820  11.9098  2.17791  7.50771  14.3489  6.84117 4270.28 0
 4    4012     0.2   0.151803  0.151803  0.1820  11.9098  2.17791  7.50771  14.3489  6.84117 4270.28 95
 4    4012     0.2   0.151803  0.151803  0.1820  11.9098  2.17791  7.50771  14.3489  6.84117 4270.28 0
 4    4117     0.2   0.151803  0.151803  0.1820  11.9098  2.17791  7.50771  14.3489  6.84117 4270.28 74
 4    4117     0.2   0.151803  0.151803  0.1820  11.9098  2.17791  7.50771  14.3489  6.84117 4270.28 0
 4    4432     0.2   0.151803  0.151803  0.1820  11.9098  2.17791  7.50771  14.3489  6.84117 4270.28 195
 4    4432     0.2   0.152393  0.152393  0.3810  11.9544  2.19347  7.43441  14.4731  7.03871 4217.98 0
 4    4543     0.2   0.152393  0.152393  0.3810  11.9544  2.19347  7.43441  14.4731  7.03871 4217.98 73
 4    4543     0.2   0.152393  0.152393  0.3810  11.9544  2.19347  7.43441  14.4731  7.03871 4217.98 0
 4    4793     0.2   0.152393  0.152393  0.3810  11.9544  2.19347  7.43441  14.4731  7.03871 4217.98 142
 4    4793     0.2   0.152393  0.152393  0.3810  11.9544  2.19347  7.43441  14.4731  7.03871 4217.98 0
 5    5168     0.3   0.152393  0.152393  0.3810  11.9544  2.19347  7.43441  14.4731  7.03871 4217.98 226
 5    5168     0.3   0.152393  0.152393  0.3810  11.9544  2.19347  7.43441  14.4731  7.03871 4217.98 0
 5    5488     0.3   0.152393  0.152393  0.3810  11.9544  2.19347  7.43441  14.4731  7.03871 4217.98 194
 5    5488     0.3   0.152393  0.152393  0.3810  11.9544  2.19347  7.43441  14.4731  7.03871 4217.98 0
 6    6187     0.3   0.152393  0.152393  0.3810  11.9544  2.19347  7.43441  14.4731  7.03871 4217.98 414
 6    6187     0.3   0.152393  0.152393  0.3810  11.9544  2.19347  7.43441  14.4731  7.03871 4217.98 0
 6    6802     0.4   0.152393  0.152393  0.3810  11.9544  2.19347  7.43441  14.4731  7.03871 4217.98 364
 6    6802     0.4   0.152393  0.152393  0.3810  11.9544  2.19347  7.43441  14.4731  7.03871 4217.98 0
 6    6888     0.4   0.152393  0.152393  0.3810  11.9544  2.19347  7.43441  14.4731  7.03871 4217.98 49
 6    6888     0.4   0.152393  0.152393  0.3810  11.9544  2.19347  7.43441  14.4731  7.03871 4217.98 0
 6    6965     0.4   0.152393  0.152393  0.3810  11.9544  2.19347  7.43441  14.4731  7.03871 4217.98 46
 6    6965     0.4   0.152393  0.152393  0.3810  11.9544  2.19347  7.43441  14.4731  7.03871 4217.98 0
 7    7975     0.4   0.152393  0.152393  0.3810  11.9544  2.19347  7.43441  14.4731  7.03871 4217.98 622
 7    7975     0.4   0.153094  0.153094  0.2730  12.0588  2.28733  7.40942  14.7094  7.30002 4235.43 0
 7    7987     0.4   0.153094  0.153094  0.2730  12.0588  2.28733  7.40942  14.7094  7.30002 4235.43 9
 7    7987     0.4   0.153094  0.153094  0.2730  12.0588  2.28733  7.40942  14.7094  7.30002 4235.43 0
 8    8102     0.4   0.153094  0.153094  0.2730  12.0588  2.28733  7.40942  14.7094  7.30002 4235.43 76
 8    8102     0.4   0.153094  0.153094  0.2730  12.0588  2.28733  7.40942  14.7094  7.30002 4235.43 0
 8    8361     0.4   0.153094  0.153094  0.2730  12.0588  2.28733  7.40942  14.7094  7.30002 4235.43 148
 8    8361     0.4   0.153094  0.153094  0.2730  12.0588  2.28733  7.40942  14.7094  7.30002 4235.43 0
 8    8695     0.5   0.153094  0.153094  0.2730  12.0588  2.28733  7.40942  14.7094  7.30002 4235.43 206
 8    8695     0.5   0.153094  0.153094  0.2730  12.0588  2.28733  7.40942  14.7094  7.30002 4235.43 0
 9    9278     0.5   0.153094  0.153094  0.2730  12.0588  2.28733  7.40942  14.7094  7.30002 4235.43 361
 9    9278     0.5   0.153094  0.153094  0.2730  12.0588  2.28733  7.40942  14.7094  7.30002 4235.43 0
10   10809     0.6   0.153094  0.153094  0.2730  12.0588  2.28733  7.40942  14.7094  7.30002 4235.43 924
10   10809     0.6   0.153094  0.153094  0.2730  12.0588  2.28733  7.40942  14.7094  7.30002 4235.43 0
10   10941     0.6   0.153094  0.153094  0.2730  12.0588  2.28733  7.40942  14.7094  7.30002 4235.43 88
10   10941     0.6   0.153094  0.153094  0.2730  12.0588  2.28733  7.40942  14.7094  7.30002 4235.43 0
11   11000     0.6   0.153094  0.153094  0.2730  12.0588  2.28733  7.40942  14.7094  7.30002 4235.43 41
12   12225     0.6   0.153094  0.153094  0.2730  12.0588  2.28733  7.40942  14.7094  7.30002 4235.43 779
12   12225     0.6   0.153094  0.153094  0.2730  12.0588  2.28733  7.40942  14.7094  7.30002 4235.43 0
12   12260     0.6   0.153094  0.153094  0.2730  12.0588  2.28733  7.40942  14.7094  7.30002 4235.43 25
12   12260     0.6   0.153094  0.153094  0.2730  12.0588  2.28733  7.40942  14.7094  7.30002 4235.43 0
14   14436     0.8   0.153094  0.153094  0.2730  12.0588  2.28733  7.40942  14.7094  7.30002 4235.43 1312
14   14436     0.8   0.153094  0.153094  0.2730  12.0588  2.28733  7.40942  14.7094  7.30002 4235.43 0
14   14913     0.8   0.153094  0.153094  0.2730  12.0588  2.28733  7.40942  14.7094  7.30002 4235.43 287
14   14913     0.8   0.153094  0.153094  0.2730  12.0588  2.28733  7.40942  14.7094  7.30002 4235.43 0
15   15380     0.8   0.153094  0.153094  0.2730  12.0588  2.28733  7.40942  14.7094  7.30002 4235.43 290
15   15380     0.8   0.153094  0.153094  0.2730  12.0588  2.28733  7.40942  14.7094  7.30002 4235.43 0
16   16534     0.9   0.153094  0.153094  0.2730  12.0588  2.28733  7.40942  14.7094  7.30002 4235.43 709
16   16534     0.9   0.153094  0.153094  0.2730  12.0588  2.28733  7.40942  14.7094  7.30002 4235.43 0
16   16679     0.9   0.153094  0.153094  0.2730  12.0588  2.28733  7.40942  14.7094  7.30002 4235.43 79
16   16679     0.9   0.153094  0.153094  0.2730  12.0588  2.28733  7.40942  14.7094  7.30002 4235.43 0
18   18158     1.0   0.153094  0.153094  0.2730  12.0588  2.28733  7.40942  14.7094  7.30002 4235.43 893
18   18158     1.0   0.153094  0.153094  0.2730  12.0588  2.28733  7.40942  14.7094  7.30002 4235.43 0
18   18715     1.0   0.153094  0.153094  0.2730  12.0588  2.28733  7.40942  14.7094  7.30002 4235.43 337
18   18715     1.0   0.153094  0.153094  0.2730  12.0588  2.28733  7.40942  14.7094  7.30002 4235.43 0
22   22000     1.2   0.153094  0.153094  0.2730  12.0588  2.28733  7.40942  14.7094  7.30002 4235.43 1990
22   22921     1.2   0.153094  0.153094  0.2730  12.0588  2.28733  7.40942  14.7094  7.30002 4235.43 2588
22   22921     1.2   0.153094  0.153094  0.2730  12.0588  2.28733  7.40942  14.7094  7.30002 4235.43 0
23   23281     1.2   0.153094  0.153094  0.2730  12.0588  2.28733  7.40942  14.7094  7.30002 4235.43 215
23   23281     1.2   0.153094  0.153094  0.2730  12.0588  2.28733  7.40942  14.7094  7.30002 4235.43 0
23   23610     1.3   0.153094  0.153094  0.2730  12.0588  2.28733  7.40942  14.7094  7.30002 4235.43 190
23   23610     1.3   0.153094  0.153094  0.2730  12.0588  2.28733  7.40942  14.7094  7.30002 4235.43 0
23   23792     1.3   0.153094  0.153094  0.2730  12.0588  2.28733  7.40942  14.7094  7.30002 4235.43 120
23   23792     1.3   0.153094  0.153094  0.2730  12.0588  2.28733  7.40942  14.7094  7.30002 4235.43 0
24   24103     1.3   0.153094  0.153094  0.2730  12.0588  2.28733  7.40942  14.7094  7.30002 4235.43 200
24   24103     1.3   0.153094  0.153094  0.2730  12.0588  2.28733  7.40942  14.7094  7.30002 4235.43 0
25   25260     1.4   0.153094  0.153094  0.2730  12.0588  2.28733  7.40942  14.7094  7.30002 4235.43 733
25   25260     1.4   0.153094  0.153094  0.2730  12.0588  2.28733  7.40942  14.7094  7.30002 4235.43 0
25   25717     1.4   0.153094  0.153094  0.2730  12.0588  2.28733  7.40942  14.7094  7.30002 4235.43 272
25   25717     1.4   0.153094  0.153094  0.2730  12.0588  2.28733  7.40942  14.7094  7.30002 4235.43 0
28   28539     1.5   0.153094  0.153094  0.2730  12.0588  2.28733  7.40942  14.7094  7.30002 4235.43 1727
28   28539     1.5   0.153094  0.153094  0.2730  12.0588  2.28733  7.40942  14.7094  7.30002 4235.43 0
29   29472     1.6   0.153094  0.153094  0.2730  12.0588  2.28733  7.40942  14.7094  7.30002 4235.43 577
29   29472     1.6   0.153094  0.153094  0.2730  12.0588  2.28733  7.40942  14.7094  7.30002 4235.43 0
29   29730     1.6   0.153094  0.153094  0.2730  12.0588  2.28733  7.40942  14.7094  7.30002 4235.43 164
29   29730     1.6   0.153094  0.153094  0.2730  12.0588  2.28733  7.40942  14.7094  7.30002 4235.43 0
32   32527     1.8   0.153094  0.153094  0.2730  12.0588  2.28733  7.40942  14.7094  7.30002 4235.43 1701
32   32527     1.8   0.153094  0.153094  0.2730  12.0588  2.28733  7.40942  14.7094  7.30002 4235.43 0
33   33001     1.8   0.153094  0.153094  0.2730  12.0588  2.28733  7.40942  14.7094  7.30002 4235.43 305
33   33906     1.8   0.153094  0.153094  0.2730  12.0588  2.28733  7.40942  14.7094  7.30002 4235.43 881
33   33906     1.8   0.153094  0.153094  0.2730  12.0588  2.28733  7.40942  14.7094  7.30002 4235.43 0
34   34204     1.8   0.153094  0.153094  0.2730  12.0588  2.28733  7.40942  14.7094  7.30002 4235.43 181
34   34204     1.8   0.153094  0.153094  0.2730  12.0588  2.28733  7.40942  14.7094  7.30002 4235.43 0
34   34853     1.9   0.153094  0.153094  0.2730  12.0588  2.28733  7.40942  14.7094  7.30002 4235.43 391
34   34853     1.9   0.153094  0.153094  0.2730  12.0588  2.28733  7.40942  14.7094  7.30002 4235.43 0
38   38753     2.1   0.153094  0.153094  0.2730  12.0588  2.28733  7.40942  14.7094  7.30002 4235.43 2402
38   38753     2.1   0.153097  0.153097  0.2360  12.0884  2.3337  7.1175  14.9491  7.83159 4133.14 0
39   39462     2.1   0.153097  0.153097  0.2360  12.0884  2.3337  7.1175  14.9491  7.83159 4133.14 420
39   39462     2.1   0.153097  0.153097  0.2360  12.0884  2.3337  7.1175  14.9491  7.83159 4133.14 0
42   42696     2.3   0.153097  0.153097  0.2360  12.0884  2.3337  7.1175  14.9491  7.83159 4133.14 2012
42   42696     2.3   0.153097  0.153097  0.2360  12.0884  2.3337  7.1175  14.9491  7.83159 4133.14 0
43   43020     2.3   0.153097  0.153097  0.2360  12.0884  2.3337  7.1175  14.9491  7.83159 4133.14 209
43   43020     2.3   0.153097  0.153097  0.2360  12.0884  2.3337  7.1175  14.9491  7.83159 4133.14 0
44   44000     2.4   0.153097  0.153097  0.2360  12.0884  2.3337  7.1175  14.9491  7.83159 4133.14 595
49   49453     2.6   0.153097  0.153097  0.2360  12.0884  2.3337  7.1175  14.9491  7.83159 4133.14 4028
49   49453     2.6   0.153111  0.153111  0.2160  12.1417  2.42517  7.28409  14.69  7.40589 4186.72 0
50   50676     2.7   0.153111  0.153111  0.2160  12.1417  2.42517  7.28409  14.69  7.40589 4186.72 760
50   50676     2.7   0.153111  0.153111  0.2160  12.1417  2.42517  7.28409  14.69  7.40589 4186.72 0
55   55000     3.0   0.153111  0.153111  0.2160  12.1417  2.42517  7.28409  14.69  7.40589 4186.72 2661
60   60467     3.2   0.153111  0.153111  0.2160  12.1417  2.42517  7.28409  14.69  7.40589 4186.72 6035
60   60467     3.2   0.153111  0.153111  0.2160  12.1417  2.42517  7.28409  14.69  7.40589 4186.72 0
61   61753     3.3   0.153111  0.153111  0.2160  12.1417  2.42517  7.28409  14.69  7.40589 4186.72 798
61   61753     3.3   0.153111  0.153111  0.2160  12.1417  2.42517  7.28409  14.69  7.40589 4186.72 0
63   63601     3.4   0.153111  0.153111  0.2160  12.1417  2.42517  7.28409  14.69  7.40589 4186.72 1166
63   63601     3.4   0.153111  0.153111  0.2160  12.1417  2.42517  7.28409  14.69  7.40589 4186.72 0
66   66000     3.5   0.153111  0.153111  0.2160  12.1417  2.42517  7.28409  14.69  7.40589 4186.72 1503
69   69519     3.7   0.153111  0.153111  0.2160  12.1417  2.42517  7.28409  14.69  7.40589 4186.72 3670
69   69519     3.7   0.153111  0.153111  0.2160  12.1417  2.42517  7.28409  14.69  7.40589 4186.72 0
73   73258     3.9   0.153111  0.153111  0.2160  12.1417  2.42517  7.28409  14.69  7.40589 4186.72 2297
73   73258     3.9   0.153111  0.153111  0.2160  12.1417  2.42517  7.28409  14.69  7.40589 4186.72 0
77   77001     4.2   0.153111  0.153111  0.2160  12.1417  2.42517  7.28409  14.69  7.40589 4186.72 2308
77   77989     4.2   0.153111  0.153111  0.2160  12.1417  2.42517  7.28409  14.69  7.40589 4186.72 2900
77   77989     4.2   0.153111  0.153111  0.2160  12.1417  2.42517  7.28409  14.69  7.40589 4186.72 0
88   88000     4.7   0.153111  0.153111  0.2160  12.1417  2.42517  7.28409  14.69  7.40589 4186.72 6134
94   94203     5.1   0.153111  0.153111  0.2160  12.1417  2.42517  7.28409  14.69  7.40589 4186.72 9956
94   94203     5.1   0.153111  0.153111  0.2160  12.1417  2.42517  7.28409  14.69  7.40589 4186.72 0
97   97464     5.2   0.153111  0.153111  0.2160  12.1417  2.42517  7.28409  14.69  7.40589 4186.72 1983
97   97464     5.2   0.153111  0.153111  0.2160  12.1417  2.42517  7.28409  14.69  7.40589 4186.72 0
99   99002     5.3   0.153111  0.153111  0.2160  12.1417  2.42517  7.28409  14.69  7.40589 4186.72 926
100  100000     5.4   0.153111  0.153111  0.2160  12.1417  2.42517  7.28409  14.69  7.40589 4186.72 1546
EndUpdateLog

Done
