optseq2
$Id: optseq2.c,v 2.14 2008/03/10 13:35:23 nicks Exp $
NoSearch  = 0
nSearch  = 100000
nKeep    = 12
PctUpdate  = 10.000000
nCB1Opt  = 0
seed     = 72373
Ntp  = 360
TR   = 1
TPreScan   = 0
PSD Window   = 0 15 1
nEvTypes = 5
EvNo    Label Duration nRepsNom
 1    animals  3.000   20
 2    objects  3.000   20
 3     scenes  3.000   20
 4     people  3.000   20
 5    oddball  3.000   20
PctVarEvReps = 0
VarEvRepsPerCond = 0
PolyOrder = -1
tNullMax = -1
tNullMin = 0
AR1 = 0
No refractory penalty
Cost = eff
OutStem = auditory
Summary File = auditory.sum

Pct nSrch MinSrch Cost Eff Cb1Err VRFAvg VRFStd VRFMin VRFMax VRFRange nSince

BeginUpdateLog
 0       3     0.0   0.152508  0.152508  0.2100  11.4979  0.843845  10.0097  13.5278  3.51812 3695.08 0
 0      28     0.0   0.156587  0.156587  0.2900  11.7763  0.623492  10.4586  13.2622  2.80356 3481.09 0
 0      28     0.0   0.156587  0.156587  0.2900  11.7763  0.623492  10.4586  13.2622  2.80356 3481.09 0
 0      30     0.0   0.156587  0.156587  0.2900  11.7763  0.623492  10.4586  13.2622  2.80356 3481.09 0
 0      30     0.0   0.156587  0.156587  0.2900  11.7763  0.623492  10.4586  13.2622  2.80356 3481.09 0
 0      31     0.0   0.156587  0.156587  0.2900  11.7763  0.623492  10.4586  13.2622  2.80356 3481.09 0
 0      31     0.0   0.156587  0.156587  0.2900  11.7763  0.623492  10.4586  13.2622  2.80356 3481.09 0
 0      34     0.0   0.156587  0.156587  0.2900  11.7763  0.623492  10.4586  13.2622  2.80356 3481.09 0
 0      34     0.0   0.156587  0.156587  0.2900  11.7763  0.623492  10.4586  13.2622  2.80356 3481.09 0
 0      36     0.0   0.156587  0.156587  0.2900  11.7763  0.623492  10.4586  13.2622  2.80356 3481.09 1
 0      36     0.0   0.156587  0.156587  0.2900  11.7763  0.623492  10.4586  13.2622  2.80356 3481.09 0
 0      38     0.0   0.156587  0.156587  0.2900  11.7763  0.623492  10.4586  13.2622  2.80356 3481.09 1
 0      38     0.0   0.156587  0.156587  0.2900  11.7763  0.623492  10.4586  13.2622  2.80356 3481.09 0
 0      41     0.0   0.156587  0.156587  0.2900  11.7763  0.623492  10.4586  13.2622  2.80356 3481.09 1
 0      41     0.0   0.156587  0.156587  0.2900  11.7763  0.623492  10.4586  13.2622  2.80356 3481.09 0
 0      42     0.0   0.156587  0.156587  0.2900  11.7763  0.623492  10.4586  13.2622  2.80356 3481.09 0
 0      42     0.0   0.156587  0.156587  0.2900  11.7763  0.623492  10.4586  13.2622  2.80356 3481.09 0
 0      47     0.0   0.156587  0.156587  0.2900  11.7763  0.623492  10.4586  13.2622  2.80356 3481.09 2
 0      47     0.0   0.156587  0.156587  0.2900  11.7763  0.623492  10.4586  13.2622  2.80356 3481.09 0
 0      49     0.0   0.156587  0.156587  0.2900  11.7763  0.623492  10.4586  13.2622  2.80356 3481.09 1
 0      49     0.0   0.159543  0.159543  0.2300  12.0072  0.723867  10.8994  14.357  3.45756 3306.75 0
 0      53     0.0   0.159543  0.159543  0.2300  12.0072  0.723867  10.8994  14.357  3.45756 3306.75 2
 0      53     0.0   0.159543  0.159543  0.2300  12.0072  0.723867  10.8994  14.357  3.45756 3306.75 0
 0      59     0.0   0.159543  0.159543  0.2300  12.0072  0.723867  10.8994  14.357  3.45756 3306.75 3
 0      59     0.0   0.159543  0.159543  0.2300  12.0072  0.723867  10.8994  14.357  3.45756 3306.75 0
 0      60     0.0   0.159543  0.159543  0.2300  12.0072  0.723867  10.8994  14.357  3.45756 3306.75 0
 0      60     0.0   0.159543  0.159543  0.2300  12.0072  0.723867  10.8994  14.357  3.45756 3306.75 0
 0      63     0.0   0.159543  0.159543  0.2300  12.0072  0.723867  10.8994  14.357  3.45756 3306.75 1
 0      63     0.0   0.159543  0.159543  0.2300  12.0072  0.723867  10.8994  14.357  3.45756 3306.75 0
 0      80     0.0   0.159543  0.159543  0.2300  12.0072  0.723867  10.8994  14.357  3.45756 3306.75 9
 0      80     0.0   0.159543  0.159543  0.2300  12.0072  0.723867  10.8994  14.357  3.45756 3306.75 0
 0      82     0.0   0.159543  0.159543  0.2300  12.0072  0.723867  10.8994  14.357  3.45756 3306.75 1
 0      82     0.0   0.159543  0.159543  0.2300  12.0072  0.723867  10.8994  14.357  3.45756 3306.75 0
 0      96     0.0   0.159543  0.159543  0.2300  12.0072  0.723867  10.8994  14.357  3.45756 3306.75 9
 0      96     0.0   0.159543  0.159543  0.2300  12.0072  0.723867  10.8994  14.357  3.45756 3306.75 0
 0     102     0.0   0.159543  0.159543  0.2300  12.0072  0.723867  10.8994  14.357  3.45756 3306.75 4
 0     102     0.0   0.159543  0.159543  0.2300  12.0072  0.723867  10.8994  14.357  3.45756 3306.75 0
 0     103     0.0   0.159543  0.159543  0.2300  12.0072  0.723867  10.8994  14.357  3.45756 3306.75 0
 0     103     0.0   0.159543  0.159543  0.2300  12.0072  0.723867  10.8994  14.357  3.45756 3306.75 0
 0     104     0.0   0.159543  0.159543  0.2300  12.0072  0.723867  10.8994  14.357  3.45756 3306.75 0
 0     104     0.0   0.159543  0.159543  0.2300  12.0072  0.723867  10.8994  14.357  3.45756 3306.75 0
 0     108     0.0   0.159543  0.159543  0.2300  12.0072  0.723867  10.8994  14.357  3.45756 3306.75 2
 0     108     0.0   0.159543  0.159543  0.2300  12.0072  0.723867  10.8994  14.357  3.45756 3306.75 0
 0     113     0.0   0.159543  0.159543  0.2300  12.0072  0.723867  10.8994  14.357  3.45756 3306.75 1
 0     113     0.0   0.159543  0.159543  0.2300  12.0072  0.723867  10.8994  14.357  3.45756 3306.75 0
 0     123     0.0   0.159543  0.159543  0.2300  12.0072  0.723867  10.8994  14.357  3.45756 3306.75 5
 0     123     0.0   0.159543  0.159543  0.2300  12.0072  0.723867  10.8994  14.357  3.45756 3306.75 0
 0     142     0.0   0.159543  0.159543  0.2300  12.0072  0.723867  10.8994  14.357  3.45756 3306.75 9
 0     142     0.0   0.159543  0.159543  0.2300  12.0072  0.723867  10.8994  14.357  3.45756 3306.75 0
 0     150     0.0   0.159543  0.159543  0.2300  12.0072  0.723867  10.8994  14.357  3.45756 3306.75 5
 0     150     0.0   0.159543  0.159543  0.2300  12.0072  0.723867  10.8994  14.357  3.45756 3306.75 0
 0     155     0.0   0.159543  0.159543  0.2300  12.0072  0.723867  10.8994  14.357  3.45756 3306.75 3
 0     155     0.0   0.159543  0.159543  0.2300  12.0072  0.723867  10.8994  14.357  3.45756 3306.75 0
 0     163     0.0   0.159543  0.159543  0.2300  12.0072  0.723867  10.8994  14.357  3.45756 3306.75 5
 0     163     0.0   0.159543  0.159543  0.2300  12.0072  0.723867  10.8994  14.357  3.45756 3306.75 0
 0     216     0.0   0.159543  0.159543  0.2300  12.0072  0.723867  10.8994  14.357  3.45756 3306.75 42
 0     216     0.0   0.159543  0.159543  0.2300  12.0072  0.723867  10.8994  14.357  3.45756 3306.75 0
 0     250     0.0   0.159543  0.159543  0.2300  12.0072  0.723867  10.8994  14.357  3.45756 3306.75 27
 0     250     0.0   0.159543  0.159543  0.2300  12.0072  0.723867  10.8994  14.357  3.45756 3306.75 0
 0     294     0.0   0.159543  0.159543  0.2300  12.0072  0.723867  10.8994  14.357  3.45756 3306.75 30
 0     294     0.0   0.159543  0.159543  0.2300  12.0072  0.723867  10.8994  14.357  3.45756 3306.75 0
 0     316     0.0   0.159543  0.159543  0.2300  12.0072  0.723867  10.8994  14.357  3.45756 3306.75 15
 0     316     0.0   0.159543  0.159543  0.2300  12.0072  0.723867  10.8994  14.357  3.45756 3306.75 0
 0     318     0.0   0.159543  0.159543  0.2300  12.0072  0.723867  10.8994  14.357  3.45756 3306.75 1
 0     318     0.0   0.159543  0.159543  0.2300  12.0072  0.723867  10.8994  14.357  3.45756 3306.75 0
 0     346     0.0   0.159543  0.159543  0.2300  12.0072  0.723867  10.8994  14.357  3.45756 3306.75 22
 0     346     0.0   0.159543  0.159543  0.2300  12.0072  0.723867  10.8994  14.357  3.45756 3306.75 0
 0     362     0.0   0.159543  0.159543  0.2300  12.0072  0.723867  10.8994  14.357  3.45756 3306.75 10
 0     362     0.0   0.159543  0.159543  0.2300  12.0072  0.723867  10.8994  14.357  3.45756 3306.75 0
 0     388     0.0   0.159543  0.159543  0.2300  12.0072  0.723867  10.8994  14.357  3.45756 3306.75 20
 0     388     0.0   0.159543  0.159543  0.2300  12.0072  0.723867  10.8994  14.357  3.45756 3306.75 0
 0     432     0.0   0.159543  0.159543  0.2300  12.0072  0.723867  10.8994  14.357  3.45756 3306.75 27
 0     432     0.0   0.159543  0.159543  0.2300  12.0072  0.723867  10.8994  14.357  3.45756 3306.75 0
 0     490     0.1   0.159543  0.159543  0.2300  12.0072  0.723867  10.8994  14.357  3.45756 3306.75 38
 0     490     0.1   0.159543  0.159543  0.2300  12.0072  0.723867  10.8994  14.357  3.45756 3306.75 0
 0     495     0.1   0.159543  0.159543  0.2300  12.0072  0.723867  10.8994  14.357  3.45756 3306.75 3
 0     495     0.1   0.159543  0.159543  0.2300  12.0072  0.723867  10.8994  14.357  3.45756 3306.75 0
 0     617     0.1   0.159543  0.159543  0.2300  12.0072  0.723867  10.8994  14.357  3.45756 3306.75 89
 0     617     0.1   0.159543  0.159543  0.2300  12.0072  0.723867  10.8994  14.357  3.45756 3306.75 0
 0     656     0.1   0.159543  0.159543  0.2300  12.0072  0.723867  10.8994  14.357  3.45756 3306.75 21
 0     656     0.1   0.159688  0.159688  0.3500  12.0212  0.753797  10.8806  14.2102  3.32968 3444.64 0
 0     737     0.1   0.159688  0.159688  0.3500  12.0212  0.753797  10.8806  14.2102  3.32968 3444.64 60
 0     737     0.1   0.159821  0.159821  0.1900  12.0305  0.738108  10.6907  14.0347  3.34406 3571.54 0
 0     759     0.1   0.159821  0.159821  0.1900  12.0305  0.738108  10.6907  14.0347  3.34406 3571.54 15
 0     759     0.1   0.159821  0.159821  0.1900  12.0305  0.738108  10.6907  14.0347  3.34406 3571.54 0
 0     789     0.1   0.159821  0.159821  0.1900  12.0305  0.738108  10.6907  14.0347  3.34406 3571.54 21
 0     789     0.1   0.159821  0.159821  0.1900  12.0305  0.738108  10.6907  14.0347  3.34406 3571.54 0
 0     790     0.1   0.159821  0.159821  0.1900  12.0305  0.738108  10.6907  14.0347  3.34406 3571.54 0
 0     790     0.1   0.159821  0.159821  0.1900  12.0305  0.738108  10.6907  14.0347  3.34406 3571.54 0
 0     855     0.1   0.159821  0.159821  0.1900  12.0305  0.738108  10.6907  14.0347  3.34406 3571.54 44
 0     855     0.1   0.159821  0.159821  0.1900  12.0305  0.738108  10.6907  14.0347  3.34406 3571.54 0
 0     893     0.1   0.159821  0.159821  0.1900  12.0305  0.738108  10.6907  14.0347  3.34406 3571.54 22
 0     893     0.1   0.162  0.162  0.3100  12.188  0.677993  10.3938  13.7838  3.39 3414.65 0
 1    1133     0.1   0.162  0.162  0.3100  12.188  0.677993  10.3938  13.7838  3.39 3414.65 176
 1    1133     0.1   0.162  0.162  0.3100  12.188  0.677993  10.3938  13.7838  3.39 3414.65 0
 1    1328     0.1   0.162  0.162  0.3100  12.188  0.677993  10.3938  13.7838  3.39 3414.65 137
 1    1328     0.1   0.162  0.162  0.3100  12.188  0.677993  10.3938  13.7838  3.39 3414.65 0
 1    1405     0.1   0.162  0.162  0.3100  12.188  0.677993  10.3938  13.7838  3.39 3414.65 56
 1    1405     0.1   0.162  0.162  0.3100  12.188  0.677993  10.3938  13.7838  3.39 3414.65 0
 1    1489     0.1   0.162  0.162  0.3100  12.188  0.677993  10.3938  13.7838  3.39 3414.65 54
 1    1489     0.1   0.162  0.162  0.3100  12.188  0.677993  10.3938  13.7838  3.39 3414.65 0
 1    1552     0.1   0.162  0.162  0.3100  12.188  0.677993  10.3938  13.7838  3.39 3414.65 36
 1    1552     0.1   0.162  0.162  0.3100  12.188  0.677993  10.3938  13.7838  3.39 3414.65 0
 1    1558     0.1   0.162  0.162  0.3100  12.188  0.677993  10.3938  13.7838  3.39 3414.65 5
 1    1558     0.1   0.162  0.162  0.3100  12.188  0.677993  10.3938  13.7838  3.39 3414.65 0
 1    1601     0.1   0.162  0.162  0.3100  12.188  0.677993  10.3938  13.7838  3.39 3414.65 27
 1    1601     0.1   0.162541  0.162541  0.2300  12.2266  0.685026  11.3344  14.0579  2.72349 3249.2 0
 1    1774     0.2   0.162541  0.162541  0.2300  12.2266  0.685026  11.3344  14.0579  2.72349 3249.2 118
 1    1774     0.2   0.162541  0.162541  0.2300  12.2266  0.685026  11.3344  14.0579  2.72349 3249.2 0
 1    1912     0.2   0.162541  0.162541  0.2300  12.2266  0.685026  11.3344  14.0579  2.72349 3249.2 89
 1    1912     0.2   0.162541  0.162541  0.2300  12.2266  0.685026  11.3344  14.0579  2.72349 3249.2 0
 2    2303     0.2   0.162541  0.162541  0.2300  12.2266  0.685026  11.3344  14.0579  2.72349 3249.2 270
 2    2303     0.2   0.162541  0.162541  0.2300  12.2266  0.685026  11.3344  14.0579  2.72349 3249.2 0
 2    2657     0.3   0.162541  0.162541  0.2300  12.2266  0.685026  11.3344  14.0579  2.72349 3249.2 250
 2    2657     0.3   0.162541  0.162541  0.2300  12.2266  0.685026  11.3344  14.0579  2.72349 3249.2 0
 3    3225     0.3   0.162541  0.162541  0.2300  12.2266  0.685026  11.3344  14.0579  2.72349 3249.2 386
 3    3225     0.3   0.162541  0.162541  0.2300  12.2266  0.685026  11.3344  14.0579  2.72349 3249.2 0
 3    3925     0.4   0.162541  0.162541  0.2300  12.2266  0.685026  11.3344  14.0579  2.72349 3249.2 490
 3    3925     0.4   0.162541  0.162541  0.2300  12.2266  0.685026  11.3344  14.0579  2.72349 3249.2 0
 3    3997     0.4   0.162541  0.162541  0.2300  12.2266  0.685026  11.3344  14.0579  2.72349 3249.2 49
 3    3997     0.4   0.162541  0.162541  0.2300  12.2266  0.685026  11.3344  14.0579  2.72349 3249.2 0
 5    5364     0.5   0.162541  0.162541  0.2300  12.2266  0.685026  11.3344  14.0579  2.72349 3249.2 957
 5    5364     0.5   0.162541  0.162541  0.2300  12.2266  0.685026  11.3344  14.0579  2.72349 3249.2 0
 7    7181     0.7   0.162541  0.162541  0.2300  12.2266  0.685026  11.3344  14.0579  2.72349 3249.2 1233
 7    7181     0.7   0.162541  0.162541  0.2300  12.2266  0.685026  11.3344  14.0579  2.72349 3249.2 0
 7    7928     0.8   0.162541  0.162541  0.2300  12.2266  0.685026  11.3344  14.0579  2.72349 3249.2 525
 7    7928     0.8   0.162541  0.162541  0.2300  12.2266  0.685026  11.3344  14.0579  2.72349 3249.2 0
 8    8127     0.8   0.162541  0.162541  0.2300  12.2266  0.685026  11.3344  14.0579  2.72349 3249.2 140
 8    8127     0.8   0.162541  0.162541  0.2300  12.2266  0.685026  11.3344  14.0579  2.72349 3249.2 0
 9    9892     1.0   0.162541  0.162541  0.2300  12.2266  0.685026  11.3344  14.0579  2.72349 3249.2 1222
 9    9892     1.0   0.162541  0.162541  0.2300  12.2266  0.685026  11.3344  14.0579  2.72349 3249.2 0
11   11000     1.1   0.162541  0.162541  0.2300  12.2266  0.685026  11.3344  14.0579  2.72349 3249.2 750
11   11230     1.1   0.162541  0.162541  0.2300  12.2266  0.685026  11.3344  14.0579  2.72349 3249.2 922
11   11230     1.1   0.162541  0.162541  0.2300  12.2266  0.685026  11.3344  14.0579  2.72349 3249.2 0
11   11269     1.1   0.162541  0.162541  0.2300  12.2266  0.685026  11.3344  14.0579  2.72349 3249.2 26
11   11269     1.1   0.162541  0.162541  0.2300  12.2266  0.685026  11.3344  14.0579  2.72349 3249.2 0
13   13451     1.4   0.162541  0.162541  0.2300  12.2266  0.685026  11.3344  14.0579  2.72349 3249.2 1569
13   13451     1.4   0.162541  0.162541  0.2300  12.2266  0.685026  11.3344  14.0579  2.72349 3249.2 0
14   14423     1.4   0.162541  0.162541  0.2300  12.2266  0.685026  11.3344  14.0579  2.72349 3249.2 702
14   14423     1.4   0.162541  0.162541  0.2300  12.2266  0.685026  11.3344  14.0579  2.72349 3249.2 0
14   14866     1.5   0.162541  0.162541  0.2300  12.2266  0.685026  11.3344  14.0579  2.72349 3249.2 311
14   14866     1.5   0.162541  0.162541  0.2300  12.2266  0.685026  11.3344  14.0579  2.72349 3249.2 0
16   16869     1.7   0.162541  0.162541  0.2300  12.2266  0.685026  11.3344  14.0579  2.72349 3249.2 1413
16   16869     1.7   0.162541  0.162541  0.2300  12.2266  0.685026  11.3344  14.0579  2.72349 3249.2 0
18   18798     1.9   0.162541  0.162541  0.2300  12.2266  0.685026  11.3344  14.0579  2.72349 3249.2 1336
18   18798     1.9   0.162541  0.162541  0.2300  12.2266  0.685026  11.3344  14.0579  2.72349 3249.2 0
22   22000     2.2   0.162541  0.162541  0.2300  12.2266  0.685026  11.3344  14.0579  2.72349 3249.2 2207
27   27114     2.7   0.162541  0.162541  0.2300  12.2266  0.685026  11.3344  14.0579  2.72349 3249.2 5790
27   27114     2.7   0.162541  0.162541  0.2300  12.2266  0.685026  11.3344  14.0579  2.72349 3249.2 0
29   29827     3.0   0.162541  0.162541  0.2300  12.2266  0.685026  11.3344  14.0579  2.72349 3249.2 1852
29   29827     3.0   0.162541  0.162541  0.2300  12.2266  0.685026  11.3344  14.0579  2.72349 3249.2 0
30   30751     3.1   0.162541  0.162541  0.2300  12.2266  0.685026  11.3344  14.0579  2.72349 3249.2 629
30   30751     3.1   0.16271  0.16271  0.2500  12.2335  0.627083  11.1267  14.3517  3.22493 3387.54 0
32   32243     3.2   0.16271  0.16271  0.2500  12.2335  0.627083  11.1267  14.3517  3.22493 3387.54 1019
32   32243     3.2   0.16271  0.16271  0.2500  12.2335  0.627083  11.1267  14.3517  3.22493 3387.54 0
33   33000     3.3   0.16271  0.16271  0.2500  12.2335  0.627083  11.1267  14.3517  3.22493 3387.54 536
33   33043     3.3   0.16271  0.16271  0.2500  12.2335  0.627083  11.1267  14.3517  3.22493 3387.54 569
33   33043     3.3   0.16271  0.16271  0.2500  12.2335  0.627083  11.1267  14.3517  3.22493 3387.54 0
36   36205     3.6   0.16271  0.16271  0.2500  12.2335  0.627083  11.1267  14.3517  3.22493 3387.54 2199
36   36205     3.6   0.16271  0.16271  0.2500  12.2335  0.627083  11.1267  14.3517  3.22493 3387.54 0
36   36775     3.7   0.16271  0.16271  0.2500  12.2335  0.627083  11.1267  14.3517  3.22493 3387.54 391
36   36775     3.7   0.16271  0.16271  0.2500  12.2335  0.627083  11.1267  14.3517  3.22493 3387.54 0
44   44000     4.4   0.16271  0.16271  0.2500  12.2335  0.627083  11.1267  14.3517  3.22493 3387.54 5020
46   46023     4.6   0.16271  0.16271  0.2500  12.2335  0.627083  11.1267  14.3517  3.22493 3387.54 6406
46   46023     4.6   0.16271  0.16271  0.2500  12.2335  0.627083  11.1267  14.3517  3.22493 3387.54 0
55   55000     5.5   0.16271  0.16271  0.2500  12.2335  0.627083  11.1267  14.3517  3.22493 3387.54 6239
55   55101     5.5   0.16271  0.16271  0.2500  12.2335  0.627083  11.1267  14.3517  3.22493 3387.54 6306
55   55101     5.5   0.16271  0.16271  0.2500  12.2335  0.627083  11.1267  14.3517  3.22493 3387.54 0
57   57276     5.7   0.16271  0.16271  0.2500  12.2335  0.627083  11.1267  14.3517  3.22493 3387.54 1506
57   57276     5.7   0.16271  0.16271  0.2500  12.2335  0.627083  11.1267  14.3517  3.22493 3387.54 0
61   61386     6.1   0.16271  0.16271  0.2500  12.2335  0.627083  11.1267  14.3517  3.22493 3387.54 2809
61   61386     6.1   0.16271  0.16271  0.2500  12.2335  0.627083  11.1267  14.3517  3.22493 3387.54 0
61   61942     6.2   0.16271  0.16271  0.2500  12.2335  0.627083  11.1267  14.3517  3.22493 3387.54 386
61   61942     6.2   0.16329  0.16329  0.1900  12.2804  0.660508  11.0767  14.1099  3.03322 3376.64 0
63   63189     6.3   0.16329  0.16329  0.1900  12.2804  0.660508  11.0767  14.1099  3.03322 3376.64 865
63   63189     6.3   0.16329  0.16329  0.1900  12.2804  0.660508  11.0767  14.1099  3.03322 3376.64 0
66   66000     6.6   0.16329  0.16329  0.1900  12.2804  0.660508  11.0767  14.1099  3.03322 3376.64 1968
72   72639     7.3   0.16329  0.16329  0.1900  12.2804  0.660508  11.0767  14.1099  3.03322 3376.64 6570
72   72639     7.3   0.163393  0.163393  0.3100  12.2813  0.586027  11.2461  13.9832  2.73707 3475.65 0
72   72704     7.3   0.163393  0.163393  0.3100  12.2813  0.586027  11.2461  13.9832  2.73707 3475.65 47
72   72704     7.3   0.163393  0.163393  0.3100  12.2813  0.586027  11.2461  13.9832  2.73707 3475.65 0
73   73829     7.4   0.163393  0.163393  0.3100  12.2813  0.586027  11.2461  13.9832  2.73707 3475.65 769
73   73829     7.4   0.163393  0.163393  0.3100  12.2813  0.586027  11.2461  13.9832  2.73707 3475.65 0
75   75124     7.5   0.163393  0.163393  0.3100  12.2813  0.586027  11.2461  13.9832  2.73707 3475.65 904
75   75124     7.5   0.163393  0.163393  0.3100  12.2813  0.586027  11.2461  13.9832  2.73707 3475.65 0
75   75287     7.5   0.163393  0.163393  0.3100  12.2813  0.586027  11.2461  13.9832  2.73707 3475.65 112
75   75287     7.5   0.163884  0.163884  0.3500  12.3251  0.654583  11.1258  13.9273  2.80153 3557.09 0
77   77002     7.7   0.163884  0.163884  0.3500  12.3251  0.654583  11.1258  13.9273  2.80153 3557.09 1175
88   88000     8.8   0.163884  0.163884  0.3500  12.3251  0.654583  11.1258  13.9273  2.80153 3557.09 8776
89   89930     9.0   0.163884  0.163884  0.3500  12.3251  0.654583  11.1258  13.9273  2.80153 3557.09 10095
89   89930     9.0   0.163884  0.163884  0.3500  12.3251  0.654583  11.1258  13.9273  2.80153 3557.09 0
97   97873     9.8   0.163884  0.163884  0.3500  12.3251  0.654583  11.1258  13.9273  2.80153 3557.09 5494
97   97873     9.8   0.163884  0.163884  0.3500  12.3251  0.654583  11.1258  13.9273  2.80153 3557.09 0
99   99001     9.9   0.163884  0.163884  0.3500  12.3251  0.654583  11.1258  13.9273  2.80153 3557.09 794
100  100000    10.0   0.163884  0.163884  0.3500  12.3251  0.654583  11.1258  13.9273  2.80153 3557.09 1486
EndUpdateLog

Done
