optseq2
$Id: optseq2.c,v 2.14 2008/03/10 13:35:23 nicks Exp $
NoSearch  = 0
nSearch  = 100000
nKeep    = 12
PctUpdate  = 10.000000
nCB1Opt  = 0
seed     = 229820
Ntp  = 360
TR   = 1
TPreScan   = 0
PSD Window   = 0 15 1
nEvTypes = 5
EvNo    Label Duration nRepsNom
 1    animals  3.000   20
 2    objects  3.000   20
 3     scenes  3.000   20
 4     people  3.000   20
 5    oddball  3.000   20
PctVarEvReps = 0
VarEvRepsPerCond = 0
PolyOrder = -1
tNullMax = -1
tNullMin = 0
AR1 = 0
No refractory penalty
Cost = eff
OutStem = visual
Summary File = visual.sum

Pct nSrch MinSrch Cost Eff Cb1Err VRFAvg VRFStd VRFMin VRFMax VRFRange nSince

BeginUpdateLog
 0       1     0.0   0.146673  0.146673  0.2900  11.089  1.01979  9.3772  13.8912  4.51399 3827.98 0
 0      14     0.0   0.156122  0.156122  0.1900  11.7559  0.764363  10.0629  14.231  4.16811 3324.76 0
 0      14     0.0   0.159443  0.159443  0.2700  11.9997  0.711579  10.4411  13.9965  3.5554 3283.86 0
 0      16     0.0   0.159443  0.159443  0.2700  11.9997  0.711579  10.4411  13.9965  3.5554 3283.86 0
 0      16     0.0   0.159443  0.159443  0.2700  11.9997  0.711579  10.4411  13.9965  3.5554 3283.86 0
 0      20     0.0   0.159443  0.159443  0.2700  11.9997  0.711579  10.4411  13.9965  3.5554 3283.86 0
 0      20     0.0   0.159443  0.159443  0.2700  11.9997  0.711579  10.4411  13.9965  3.5554 3283.86 0
 0      21     0.0   0.159443  0.159443  0.2700  11.9997  0.711579  10.4411  13.9965  3.5554 3283.86 0
 0      21     0.0   0.159443  0.159443  0.2700  11.9997  0.711579  10.4411  13.9965  3.5554 3283.86 0
 0      22     0.0   0.159443  0.159443  0.2700  11.9997  0.711579  10.4411  13.9965  3.5554 3283.86 0
 0      22     0.0   0.159443  0.159443  0.2700  11.9997  0.711579  10.4411  13.9965  3.5554 3283.86 0
 0      23     0.0   0.159443  0.159443  0.2700  11.9997  0.711579  10.4411  13.9965  3.5554 3283.86 0
 0      23     0.0   0.159443  0.159443  0.2700  11.9997  0.711579  10.4411  13.9965  3.5554 3283.86 0
 0      24     0.0   0.159443  0.159443  0.2700  11.9997  0.711579  10.4411  13.9965  3.5554 3283.86 0
 0      24     0.0   0.159443  0.159443  0.2700  11.9997  0.711579  10.4411  13.9965  3.5554 3283.86 0
 0      26     0.0   0.159443  0.159443  0.2700  11.9997  0.711579  10.4411  13.9965  3.5554 3283.86 1
 0      26     0.0   0.159443  0.159443  0.2700  11.9997  0.711579  10.4411  13.9965  3.5554 3283.86 0
 0      30     0.0   0.159443  0.159443  0.2700  11.9997  0.711579  10.4411  13.9965  3.5554 3283.86 3
 0      30     0.0   0.159443  0.159443  0.2700  11.9997  0.711579  10.4411  13.9965  3.5554 3283.86 0
 0      31     0.0   0.159443  0.159443  0.2700  11.9997  0.711579  10.4411  13.9965  3.5554 3283.86 0
 0      31     0.0   0.159443  0.159443  0.2700  11.9997  0.711579  10.4411  13.9965  3.5554 3283.86 0
 0      33     0.0   0.159443  0.159443  0.2700  11.9997  0.711579  10.4411  13.9965  3.5554 3283.86 1
 0      33     0.0   0.159443  0.159443  0.2700  11.9997  0.711579  10.4411  13.9965  3.5554 3283.86 0
 0      38     0.0   0.159443  0.159443  0.2700  11.9997  0.711579  10.4411  13.9965  3.5554 3283.86 2
 0      38     0.0   0.159443  0.159443  0.2700  11.9997  0.711579  10.4411  13.9965  3.5554 3283.86 0
 0      39     0.0   0.159443  0.159443  0.2700  11.9997  0.711579  10.4411  13.9965  3.5554 3283.86 0
 0      39     0.0   0.159443  0.159443  0.2700  11.9997  0.711579  10.4411  13.9965  3.5554 3283.86 0
 0      40     0.0   0.159443  0.159443  0.2700  11.9997  0.711579  10.4411  13.9965  3.5554 3283.86 0
 0      40     0.0   0.159443  0.159443  0.2700  11.9997  0.711579  10.4411  13.9965  3.5554 3283.86 0
 0      49     0.0   0.159443  0.159443  0.2700  11.9997  0.711579  10.4411  13.9965  3.5554 3283.86 8
 0      49     0.0   0.159443  0.159443  0.2700  11.9997  0.711579  10.4411  13.9965  3.5554 3283.86 0
 0      54     0.0   0.159443  0.159443  0.2700  11.9997  0.711579  10.4411  13.9965  3.5554 3283.86 3
 0      54     0.0   0.159443  0.159443  0.2700  11.9997  0.711579  10.4411  13.9965  3.5554 3283.86 0
 0      71     0.0   0.159443  0.159443  0.2700  11.9997  0.711579  10.4411  13.9965  3.5554 3283.86 11
 0      71     0.0   0.159443  0.159443  0.2700  11.9997  0.711579  10.4411  13.9965  3.5554 3283.86 0
 0      78     0.0   0.159443  0.159443  0.2700  11.9997  0.711579  10.4411  13.9965  3.5554 3283.86 4
 0      78     0.0   0.159443  0.159443  0.2700  11.9997  0.711579  10.4411  13.9965  3.5554 3283.86 0
 0      81     0.0   0.159443  0.159443  0.2700  11.9997  0.711579  10.4411  13.9965  3.5554 3283.86 2
 0      81     0.0   0.159443  0.159443  0.2700  11.9997  0.711579  10.4411  13.9965  3.5554 3283.86 0
 0      83     0.0   0.159443  0.159443  0.2700  11.9997  0.711579  10.4411  13.9965  3.5554 3283.86 1
 0      83     0.0   0.159443  0.159443  0.2700  11.9997  0.711579  10.4411  13.9965  3.5554 3283.86 0
 0      88     0.0   0.159443  0.159443  0.2700  11.9997  0.711579  10.4411  13.9965  3.5554 3283.86 2
 0      88     0.0   0.159443  0.159443  0.2700  11.9997  0.711579  10.4411  13.9965  3.5554 3283.86 0
 0      92     0.0   0.159443  0.159443  0.2700  11.9997  0.711579  10.4411  13.9965  3.5554 3283.86 1
 0      92     0.0   0.159443  0.159443  0.2700  11.9997  0.711579  10.4411  13.9965  3.5554 3283.86 0
 0     101     0.0   0.159443  0.159443  0.2700  11.9997  0.711579  10.4411  13.9965  3.5554 3283.86 6
 0     101     0.0   0.159443  0.159443  0.2700  11.9997  0.711579  10.4411  13.9965  3.5554 3283.86 0
 0     106     0.0   0.159443  0.159443  0.2700  11.9997  0.711579  10.4411  13.9965  3.5554 3283.86 2
 0     106     0.0   0.159443  0.159443  0.2700  11.9997  0.711579  10.4411  13.9965  3.5554 3283.86 0
 0     107     0.0   0.159443  0.159443  0.2700  11.9997  0.711579  10.4411  13.9965  3.5554 3283.86 0
 0     107     0.0   0.159685  0.159685  0.2500  11.9921  0.441514  11.1276  13.2285  2.10086 3616.64 0
 0     140     0.0   0.159685  0.159685  0.2500  11.9921  0.441514  11.1276  13.2285  2.10086 3616.64 24
 0     140     0.0   0.159685  0.159685  0.2500  11.9921  0.441514  11.1276  13.2285  2.10086 3616.64 0
 0     161     0.0   0.159685  0.159685  0.2500  11.9921  0.441514  11.1276  13.2285  2.10086 3616.64 11
 0     161     0.0   0.159685  0.159685  0.2500  11.9921  0.441514  11.1276  13.2285  2.10086 3616.64 0
 0     192     0.0   0.159685  0.159685  0.2500  11.9921  0.441514  11.1276  13.2285  2.10086 3616.64 19
 0     192     0.0   0.160011  0.160011  0.2300  12.034  0.643182  10.8266  13.6882  2.86155 3593.54 0
 0     204     0.0   0.160011  0.160011  0.2300  12.034  0.643182  10.8266  13.6882  2.86155 3593.54 8
 0     204     0.0   0.160011  0.160011  0.2300  12.034  0.643182  10.8266  13.6882  2.86155 3593.54 0
 0     231     0.0   0.160011  0.160011  0.2300  12.034  0.643182  10.8266  13.6882  2.86155 3593.54 20
 0     231     0.0   0.160011  0.160011  0.2300  12.034  0.643182  10.8266  13.6882  2.86155 3593.54 0
 0     246     0.0   0.160011  0.160011  0.2300  12.034  0.643182  10.8266  13.6882  2.86155 3593.54 12
 0     246     0.0   0.160011  0.160011  0.2300  12.034  0.643182  10.8266  13.6882  2.86155 3593.54 0
 0     261     0.0   0.160011  0.160011  0.2300  12.034  0.643182  10.8266  13.6882  2.86155 3593.54 13
 0     261     0.0   0.160011  0.160011  0.2300  12.034  0.643182  10.8266  13.6882  2.86155 3593.54 0
 0     290     0.0   0.160011  0.160011  0.2300  12.034  0.643182  10.8266  13.6882  2.86155 3593.54 19
 0     290     0.0   0.160011  0.160011  0.2300  12.034  0.643182  10.8266  13.6882  2.86155 3593.54 0
 0     313     0.0   0.160011  0.160011  0.2300  12.034  0.643182  10.8266  13.6882  2.86155 3593.54 13
 0     313     0.0   0.160011  0.160011  0.2300  12.034  0.643182  10.8266  13.6882  2.86155 3593.54 0
 0     385     0.0   0.160011  0.160011  0.2300  12.034  0.643182  10.8266  13.6882  2.86155 3593.54 45
 0     385     0.0   0.160011  0.160011  0.2300  12.034  0.643182  10.8266  13.6882  2.86155 3593.54 0
 0     434     0.0   0.160011  0.160011  0.2300  12.034  0.643182  10.8266  13.6882  2.86155 3593.54 39
 0     434     0.0   0.160011  0.160011  0.2300  12.034  0.643182  10.8266  13.6882  2.86155 3593.54 0
 0     507     0.1   0.160011  0.160011  0.2300  12.034  0.643182  10.8266  13.6882  2.86155 3593.54 51
 0     507     0.1   0.160011  0.160011  0.2300  12.034  0.643182  10.8266  13.6882  2.86155 3593.54 0
 0     525     0.1   0.160011  0.160011  0.2300  12.034  0.643182  10.8266  13.6882  2.86155 3593.54 12
 0     525     0.1   0.160011  0.160011  0.2300  12.034  0.643182  10.8266  13.6882  2.86155 3593.54 0
 0     614     0.1   0.160011  0.160011  0.2300  12.034  0.643182  10.8266  13.6882  2.86155 3593.54 63
 0     614     0.1   0.160011  0.160011  0.2300  12.034  0.643182  10.8266  13.6882  2.86155 3593.54 0
 0     727     0.1   0.160011  0.160011  0.2300  12.034  0.643182  10.8266  13.6882  2.86155 3593.54 81
 0     727     0.1   0.160011  0.160011  0.2300  12.034  0.643182  10.8266  13.6882  2.86155 3593.54 0
 0     835     0.1   0.160011  0.160011  0.2300  12.034  0.643182  10.8266  13.6882  2.86155 3593.54 77
 0     835     0.1   0.160011  0.160011  0.2300  12.034  0.643182  10.8266  13.6882  2.86155 3593.54 0
 0     857     0.1   0.160011  0.160011  0.2300  12.034  0.643182  10.8266  13.6882  2.86155 3593.54 13
 0     857     0.1   0.160011  0.160011  0.2300  12.034  0.643182  10.8266  13.6882  2.86155 3593.54 0
 1    1206     0.1   0.160011  0.160011  0.2300  12.034  0.643182  10.8266  13.6882  2.86155 3593.54 234
 1    1206     0.1   0.160011  0.160011  0.2300  12.034  0.643182  10.8266  13.6882  2.86155 3593.54 0
 1    1213     0.1   0.160011  0.160011  0.2300  12.034  0.643182  10.8266  13.6882  2.86155 3593.54 5
 1    1213     0.1   0.160011  0.160011  0.2300  12.034  0.643182  10.8266  13.6882  2.86155 3593.54 0
 1    1218     0.1   0.160011  0.160011  0.2300  12.034  0.643182  10.8266  13.6882  2.86155 3593.54 4
 1    1218     0.1   0.160011  0.160011  0.2300  12.034  0.643182  10.8266  13.6882  2.86155 3593.54 0
 1    1224     0.1   0.160011  0.160011  0.2300  12.034  0.643182  10.8266  13.6882  2.86155 3593.54 2
 1    1224     0.1   0.160011  0.160011  0.2300  12.034  0.643182  10.8266  13.6882  2.86155 3593.54 0
 1    1230     0.1   0.160011  0.160011  0.2300  12.034  0.643182  10.8266  13.6882  2.86155 3593.54 5
 1    1230     0.1   0.160011  0.160011  0.2300  12.034  0.643182  10.8266  13.6882  2.86155 3593.54 0
 1    1323     0.1   0.160011  0.160011  0.2300  12.034  0.643182  10.8266  13.6882  2.86155 3593.54 63
 1    1323     0.1   0.160011  0.160011  0.2300  12.034  0.643182  10.8266  13.6882  2.86155 3593.54 0
 1    1396     0.1   0.160011  0.160011  0.2300  12.034  0.643182  10.8266  13.6882  2.86155 3593.54 54
 1    1396     0.1   0.160011  0.160011  0.2300  12.034  0.643182  10.8266  13.6882  2.86155 3593.54 0
 1    1486     0.1   0.160011  0.160011  0.2300  12.034  0.643182  10.8266  13.6882  2.86155 3593.54 58
 1    1486     0.1   0.160011  0.160011  0.2300  12.034  0.643182  10.8266  13.6882  2.86155 3593.54 0
 1    1493     0.1   0.160011  0.160011  0.2300  12.034  0.643182  10.8266  13.6882  2.86155 3593.54 5
 1    1493     0.1   0.160287  0.160287  0.2300  12.0786  0.852775  10.6023  14.658  4.05573 3449.42 0
 1    1665     0.2   0.160287  0.160287  0.2300  12.0786  0.852775  10.6023  14.658  4.05573 3449.42 116
 1    1665     0.2   0.160287  0.160287  0.2300  12.0786  0.852775  10.6023  14.658  4.05573 3449.42 0
 1    1774     0.2   0.160287  0.160287  0.2300  12.0786  0.852775  10.6023  14.658  4.05573 3449.42 78
 1    1774     0.2   0.160287  0.160287  0.2300  12.0786  0.852775  10.6023  14.658  4.05573 3449.42 0
 1    1790     0.2   0.160287  0.160287  0.2300  12.0786  0.852775  10.6023  14.658  4.05573 3449.42 14
 1    1790     0.2   0.160287  0.160287  0.2300  12.0786  0.852775  10.6023  14.658  4.05573 3449.42 0
 1    1848     0.2   0.160287  0.160287  0.2300  12.0786  0.852775  10.6023  14.658  4.05573 3449.42 39
 1    1848     0.2   0.160287  0.160287  0.2300  12.0786  0.852775  10.6023  14.658  4.05573 3449.42 0
 1    1906     0.2   0.160287  0.160287  0.2300  12.0786  0.852775  10.6023  14.658  4.05573 3449.42 42
 1    1906     0.2   0.160287  0.160287  0.2300  12.0786  0.852775  10.6023  14.658  4.05573 3449.42 0
 2    2588     0.3   0.160287  0.160287  0.2300  12.0786  0.852775  10.6023  14.658  4.05573 3449.42 470
 2    2588     0.3   0.160287  0.160287  0.2300  12.0786  0.852775  10.6023  14.658  4.05573 3449.42 0
 3    3056     0.3   0.160287  0.160287  0.2300  12.0786  0.852775  10.6023  14.658  4.05573 3449.42 340
 3    3056     0.3   0.160287  0.160287  0.2300  12.0786  0.852775  10.6023  14.658  4.05573 3449.42 0
 3    3270     0.3   0.160287  0.160287  0.2300  12.0786  0.852775  10.6023  14.658  4.05573 3449.42 140
 3    3270     0.3   0.160287  0.160287  0.2300  12.0786  0.852775  10.6023  14.658  4.05573 3449.42 0
 3    3531     0.4   0.160287  0.160287  0.2300  12.0786  0.852775  10.6023  14.658  4.05573 3449.42 188
 3    3531     0.4   0.160287  0.160287  0.2300  12.0786  0.852775  10.6023  14.658  4.05573 3449.42 0
 3    3562     0.4   0.160287  0.160287  0.2300  12.0786  0.852775  10.6023  14.658  4.05573 3449.42 23
 3    3562     0.4   0.160287  0.160287  0.2300  12.0786  0.852775  10.6023  14.658  4.05573 3449.42 0
 3    3921     0.4   0.160287  0.160287  0.2300  12.0786  0.852775  10.6023  14.658  4.05573 3449.42 239
 3    3921     0.4   0.160287  0.160287  0.2300  12.0786  0.852775  10.6023  14.658  4.05573 3449.42 0
 4    4247     0.4   0.160287  0.160287  0.2300  12.0786  0.852775  10.6023  14.658  4.05573 3449.42 222
 4    4247     0.4   0.160287  0.160287  0.2300  12.0786  0.852775  10.6023  14.658  4.05573 3449.42 0
 4    4622     0.5   0.160287  0.160287  0.2300  12.0786  0.852775  10.6023  14.658  4.05573 3449.42 269
 4    4622     0.5   0.161004  0.161004  0.2100  12.1125  0.681124  10.8153  13.7732  2.95796 3451.87 0
 5    5122     0.5   0.161004  0.161004  0.2100  12.1125  0.681124  10.8153  13.7732  2.95796 3451.87 337
 5    5122     0.5   0.161657  0.161657  0.2300  12.1624  0.67866  10.5063  13.4938  2.98748 3600.86 0
 5    5654     0.6   0.161657  0.161657  0.2300  12.1624  0.67866  10.5063  13.4938  2.98748 3600.86 368
 5    5654     0.6   0.162442  0.162442  0.3500  12.2202  0.689089  11.0753  14.1869  3.11162 3500.42 0
 5    5703     0.6   0.162442  0.162442  0.3500  12.2202  0.689089  11.0753  14.1869  3.11162 3500.42 31
 5    5703     0.6   0.162442  0.162442  0.3500  12.2202  0.689089  11.0753  14.1869  3.11162 3500.42 0
 5    5995     0.6   0.162442  0.162442  0.3500  12.2202  0.689089  11.0753  14.1869  3.11162 3500.42 203
 5    5995     0.6   0.162442  0.162442  0.3500  12.2202  0.689089  11.0753  14.1869  3.11162 3500.42 0
 7    7367     0.7   0.162442  0.162442  0.3500  12.2202  0.689089  11.0753  14.1869  3.11162 3500.42 963
 7    7367     0.7   0.162442  0.162442  0.3500  12.2202  0.689089  11.0753  14.1869  3.11162 3500.42 0
 7    7447     0.8   0.162442  0.162442  0.3500  12.2202  0.689089  11.0753  14.1869  3.11162 3500.42 59
 7    7447     0.8   0.162442  0.162442  0.3500  12.2202  0.689089  11.0753  14.1869  3.11162 3500.42 0
 7    7630     0.8   0.162442  0.162442  0.3500  12.2202  0.689089  11.0753  14.1869  3.11162 3500.42 127
 7    7630     0.8   0.162442  0.162442  0.3500  12.2202  0.689089  11.0753  14.1869  3.11162 3500.42 0
 8    8060     0.8   0.162442  0.162442  0.3500  12.2202  0.689089  11.0753  14.1869  3.11162 3500.42 311
 8    8060     0.8   0.162442  0.162442  0.3500  12.2202  0.689089  11.0753  14.1869  3.11162 3500.42 0
 9    9056     0.9   0.162442  0.162442  0.3500  12.2202  0.689089  11.0753  14.1869  3.11162 3500.42 681
 9    9056     0.9   0.162442  0.162442  0.3500  12.2202  0.689089  11.0753  14.1869  3.11162 3500.42 0
 9    9538     0.9   0.162442  0.162442  0.3500  12.2202  0.689089  11.0753  14.1869  3.11162 3500.42 360
 9    9538     0.9   0.162442  0.162442  0.3500  12.2202  0.689089  11.0753  14.1869  3.11162 3500.42 0
 9    9760     1.0   0.162442  0.162442  0.3500  12.2202  0.689089  11.0753  14.1869  3.11162 3500.42 155
 9    9760     1.0   0.162442  0.162442  0.3500  12.2202  0.689089  11.0753  14.1869  3.11162 3500.42 0
11   11000     1.1   0.162442  0.162442  0.3500  12.2202  0.689089  11.0753  14.1869  3.11162 3500.42 843
12   12860     1.3   0.162442  0.162442  0.3500  12.2202  0.689089  11.0753  14.1869  3.11162 3500.42 2141
12   12860     1.3   0.162442  0.162442  0.3500  12.2202  0.689089  11.0753  14.1869  3.11162 3500.42 0
16   16668     1.7   0.162442  0.162442  0.3500  12.2202  0.689089  11.0753  14.1869  3.11162 3500.42 2629
16   16668     1.7   0.162442  0.162442  0.3500  12.2202  0.689089  11.0753  14.1869  3.11162 3500.42 0
17   17420     1.8   0.162442  0.162442  0.3500  12.2202  0.689089  11.0753  14.1869  3.11162 3500.42 523
17   17420     1.8   0.162442  0.162442  0.3500  12.2202  0.689089  11.0753  14.1869  3.11162 3500.42 0
17   17649     1.8   0.162442  0.162442  0.3500  12.2202  0.689089  11.0753  14.1869  3.11162 3500.42 157
17   17649     1.8   0.162442  0.162442  0.3500  12.2202  0.689089  11.0753  14.1869  3.11162 3500.42 0
20   20681     2.1   0.162442  0.162442  0.3500  12.2202  0.689089  11.0753  14.1869  3.11162 3500.42 2092
20   20681     2.1   0.162442  0.162442  0.3500  12.2202  0.689089  11.0753  14.1869  3.11162 3500.42 0
20   20731     2.1   0.162442  0.162442  0.3500  12.2202  0.689089  11.0753  14.1869  3.11162 3500.42 36
20   20731     2.1   0.162442  0.162442  0.3500  12.2202  0.689089  11.0753  14.1869  3.11162 3500.42 0
22   22000     2.2   0.162442  0.162442  0.3500  12.2202  0.689089  11.0753  14.1869  3.11162 3500.42 902
22   22988     2.3   0.162442  0.162442  0.3500  12.2202  0.689089  11.0753  14.1869  3.11162 3500.42 1572
22   22988     2.3   0.162442  0.162442  0.3500  12.2202  0.689089  11.0753  14.1869  3.11162 3500.42 0
23   23838     2.4   0.162442  0.162442  0.3500  12.2202  0.689089  11.0753  14.1869  3.11162 3500.42 611
23   23838     2.4   0.162442  0.162442  0.3500  12.2202  0.689089  11.0753  14.1869  3.11162 3500.42 0
24   24392     2.4   0.162442  0.162442  0.3500  12.2202  0.689089  11.0753  14.1869  3.11162 3500.42 384
24   24392     2.4   0.163561  0.163561  0.2700  12.3052  0.690981  10.8174  14.0501  3.23271 3462.53 0
25   25419     2.6   0.163561  0.163561  0.2700  12.3052  0.690981  10.8174  14.0501  3.23271 3462.53 709
25   25419     2.6   0.163561  0.163561  0.2700  12.3052  0.690981  10.8174  14.0501  3.23271 3462.53 0
27   27330     2.8   0.163561  0.163561  0.2700  12.3052  0.690981  10.8174  14.0501  3.23271 3462.53 1353
27   27330     2.8   0.163561  0.163561  0.2700  12.3052  0.690981  10.8174  14.0501  3.23271 3462.53 0
27   27684     2.8   0.163561  0.163561  0.2700  12.3052  0.690981  10.8174  14.0501  3.23271 3462.53 239
27   27684     2.8   0.163561  0.163561  0.2700  12.3052  0.690981  10.8174  14.0501  3.23271 3462.53 0
28   28208     2.8   0.163561  0.163561  0.2700  12.3052  0.690981  10.8174  14.0501  3.23271 3462.53 360
28   28208     2.8   0.163561  0.163561  0.2700  12.3052  0.690981  10.8174  14.0501  3.23271 3462.53 0
28   28250     2.8   0.163561  0.163561  0.2700  12.3052  0.690981  10.8174  14.0501  3.23271 3462.53 28
28   28250     2.8   0.163561  0.163561  0.2700  12.3052  0.690981  10.8174  14.0501  3.23271 3462.53 0
29   29848     3.0   0.163561  0.163561  0.2700  12.3052  0.690981  10.8174  14.0501  3.23271 3462.53 1105
29   29848     3.0   0.165296  0.165296  0.2100  12.4282  0.628111  10.9621  14.0338  3.07167 3394.42 0
30   30038     3.0   0.165296  0.165296  0.2100  12.4282  0.628111  10.9621  14.0338  3.07167 3394.42 123
30   30038     3.0   0.165296  0.165296  0.2100  12.4282  0.628111  10.9621  14.0338  3.07167 3394.42 0
31   31693     3.2   0.165296  0.165296  0.2100  12.4282  0.628111  10.9621  14.0338  3.07167 3394.42 1168
31   31693     3.2   0.165296  0.165296  0.2100  12.4282  0.628111  10.9621  14.0338  3.07167 3394.42 0
32   32710     3.3   0.165296  0.165296  0.2100  12.4282  0.628111  10.9621  14.0338  3.07167 3394.42 728
32   32710     3.3   0.165296  0.165296  0.2100  12.4282  0.628111  10.9621  14.0338  3.07167 3394.42 0
33   33000     3.3   0.165296  0.165296  0.2100  12.4282  0.628111  10.9621  14.0338  3.07167 3394.42 203
36   36812     3.7   0.165296  0.165296  0.2100  12.4282  0.628111  10.9621  14.0338  3.07167 3394.42 2864
36   36812     3.7   0.165296  0.165296  0.2100  12.4282  0.628111  10.9621  14.0338  3.07167 3394.42 0
36   36977     3.7   0.165296  0.165296  0.2100  12.4282  0.628111  10.9621  14.0338  3.07167 3394.42 114
36   36977     3.7   0.165296  0.165296  0.2100  12.4282  0.628111  10.9621  14.0338  3.07167 3394.42 0
40   40266     4.1   0.165296  0.165296  0.2100  12.4282  0.628111  10.9621  14.0338  3.07167 3394.42 2230
40   40266     4.1   0.165296  0.165296  0.2100  12.4282  0.628111  10.9621  14.0338  3.07167 3394.42 0
44   44002     4.4   0.165296  0.165296  0.2100  12.4282  0.628111  10.9621  14.0338  3.07167 3394.42 2624
45   45174     4.5   0.165296  0.165296  0.2100  12.4282  0.628111  10.9621  14.0338  3.07167 3394.42 3446
45   45174     4.5   0.165296  0.165296  0.2100  12.4282  0.628111  10.9621  14.0338  3.07167 3394.42 0
51   51225     5.2   0.165296  0.165296  0.2100  12.4282  0.628111  10.9621  14.0338  3.07167 3394.42 4131
51   51225     5.2   0.165296  0.165296  0.2100  12.4282  0.628111  10.9621  14.0338  3.07167 3394.42 0
51   51791     5.2   0.165296  0.165296  0.2100  12.4282  0.628111  10.9621  14.0338  3.07167 3394.42 393
51   51791     5.2   0.165296  0.165296  0.2100  12.4282  0.628111  10.9621  14.0338  3.07167 3394.42 0
54   54141     5.4   0.165296  0.165296  0.2100  12.4282  0.628111  10.9621  14.0338  3.07167 3394.42 1608
54   54141     5.4   0.165296  0.165296  0.2100  12.4282  0.628111  10.9621  14.0338  3.07167 3394.42 0
55   55001     5.5   0.165296  0.165296  0.2100  12.4282  0.628111  10.9621  14.0338  3.07167 3394.42 597
61   61733     6.2   0.165296  0.165296  0.2100  12.4282  0.628111  10.9621  14.0338  3.07167 3394.42 5312
61   61733     6.2   0.165296  0.165296  0.2100  12.4282  0.628111  10.9621  14.0338  3.07167 3394.42 0
66   66001     6.6   0.165296  0.165296  0.2100  12.4282  0.628111  10.9621  14.0338  3.07167 3394.42 2912
66   66354     6.7   0.165296  0.165296  0.2100  12.4282  0.628111  10.9621  14.0338  3.07167 3394.42 3164
66   66354     6.7   0.165296  0.165296  0.2100  12.4282  0.628111  10.9621  14.0338  3.07167 3394.42 0
71   71541     7.2   0.165296  0.165296  0.2100  12.4282  0.628111  10.9621  14.0338  3.07167 3394.42 3569
71   71541     7.2   0.165296  0.165296  0.2100  12.4282  0.628111  10.9621  14.0338  3.07167 3394.42 0
73   73333     7.4   0.165296  0.165296  0.2100  12.4282  0.628111  10.9621  14.0338  3.07167 3394.42 1236
73   73333     7.4   0.165375  0.165375  0.2300  12.4316  0.602895  11.2583  14.0324  2.77407 3491.31 0
77   77000     7.7   0.165375  0.165375  0.2300  12.4316  0.602895  11.2583  14.0324  2.77407 3491.31 2571
88   88003     8.8   0.165375  0.165375  0.2300  12.4316  0.602895  11.2583  14.0324  2.77407 3491.31 10090
99   99000     9.9   0.165375  0.165375  0.2300  12.4316  0.602895  11.2583  14.0324  2.77407 3491.31 17717
100  100000    10.0   0.165375  0.165375  0.2300  12.4316  0.602895  11.2583  14.0324  2.77407 3491.31 18407
EndUpdateLog

Done
